2020-12-20 08:16:32  [ main:0 ] - [ DEBUG ]  Get connection for route {s}->https://qyapi.weixin.qq.com:443
2020-12-20 08:16:32  [ main:0 ] - [ DEBUG ]  Get connection for route {s}->https://qyapi.weixin.qq.com:443
2020-12-20 08:16:32  [ main:46 ] - [ DEBUG ]  Connecting to qyapi.weixin.qq.com:443
2020-12-20 08:16:32  [ main:46 ] - [ DEBUG ]  Connecting to qyapi.weixin.qq.com:443
2020-12-20 08:16:32  [ main:274 ] - [ DEBUG ]  CookieSpec selected: ignoreCookies
2020-12-20 08:16:32  [ main:274 ] - [ DEBUG ]  CookieSpec selected: ignoreCookies
2020-12-20 08:16:32  [ main:277 ] - [ DEBUG ]  Auth cache not set in the context
2020-12-20 08:16:32  [ main:277 ] - [ DEBUG ]  Auth cache not set in the context
2020-12-20 08:16:32  [ main:278 ] - [ DEBUG ]  Target auth state: UNCHALLENGED
2020-12-20 08:16:32  [ main:278 ] - [ DEBUG ]  Target auth state: UNCHALLENGED
2020-12-20 08:16:32  [ main:280 ] - [ DEBUG ]  Proxy auth state: UNCHALLENGED
2020-12-20 08:16:32  [ main:280 ] - [ DEBUG ]  Proxy auth state: UNCHALLENGED
2020-12-20 08:16:32  [ main:280 ] - [ DEBUG ]  Attempt 1 to execute request
2020-12-20 08:16:32  [ main:280 ] - [ DEBUG ]  Attempt 1 to execute request
2020-12-20 08:16:32  [ main:281 ] - [ DEBUG ]  Sending request: GET /cgi-bin/gettoken?corpid=ww08701ecf7ef7ffc5&corpsecret=9BBxJMslOULZsy5xrjwo6JC8jjQ7PzmC2w5Q1CwbIok HTTP/1.1
2020-12-20 08:16:32  [ main:281 ] - [ DEBUG ]  Sending request: GET /cgi-bin/gettoken?corpid=ww08701ecf7ef7ffc5&corpsecret=9BBxJMslOULZsy5xrjwo6JC8jjQ7PzmC2w5Q1CwbIok HTTP/1.1
2020-12-20 08:16:32  [ main:282 ] - [ DEBUG ]   >> "GET /cgi-bin/gettoken?corpid=ww08701ecf7ef7ffc5&corpsecret=9BBxJMslOULZsy5xrjwo6JC8jjQ7PzmC2w5Q1CwbIok HTTP/1.1[\r][\n]"
2020-12-20 08:16:32  [ main:282 ] - [ DEBUG ]   >> "GET /cgi-bin/gettoken?corpid=ww08701ecf7ef7ffc5&corpsecret=9BBxJMslOULZsy5xrjwo6JC8jjQ7PzmC2w5Q1CwbIok HTTP/1.1[\r][\n]"
2020-12-20 08:16:32  [ main:283 ] - [ DEBUG ]   >> "Accept: */*[\r][\n]"
2020-12-20 08:16:32  [ main:283 ] - [ DEBUG ]   >> "Accept: */*[\r][\n]"
2020-12-20 08:16:32  [ main:283 ] - [ DEBUG ]   >> "Content-Length: 0[\r][\n]"
2020-12-20 08:16:32  [ main:283 ] - [ DEBUG ]   >> "Content-Length: 0[\r][\n]"
2020-12-20 08:16:32  [ main:284 ] - [ DEBUG ]   >> "Host: qyapi.weixin.qq.com[\r][\n]"
2020-12-20 08:16:32  [ main:284 ] - [ DEBUG ]   >> "Host: qyapi.weixin.qq.com[\r][\n]"
2020-12-20 08:16:32  [ main:284 ] - [ DEBUG ]   >> "Connection: Keep-Alive[\r][\n]"
2020-12-20 08:16:32  [ main:284 ] - [ DEBUG ]   >> "Connection: Keep-Alive[\r][\n]"
2020-12-20 08:16:32  [ main:284 ] - [ DEBUG ]   >> "User-Agent: Apache-HttpClient/4.5.2 (Java/1.8.0_191)[\r][\n]"
2020-12-20 08:16:32  [ main:284 ] - [ DEBUG ]   >> "User-Agent: Apache-HttpClient/4.5.2 (Java/1.8.0_191)[\r][\n]"
2020-12-20 08:16:32  [ main:285 ] - [ DEBUG ]   >> "Accept-Encoding: gzip,deflate[\r][\n]"
2020-12-20 08:16:32  [ main:285 ] - [ DEBUG ]   >> "Accept-Encoding: gzip,deflate[\r][\n]"
2020-12-20 08:16:32  [ main:285 ] - [ DEBUG ]   >> "[\r][\n]"
2020-12-20 08:16:32  [ main:285 ] - [ DEBUG ]   >> "[\r][\n]"
2020-12-20 08:16:32  [ main:286 ] - [ DEBUG ]  >> GET /cgi-bin/gettoken?corpid=ww08701ecf7ef7ffc5&corpsecret=9BBxJMslOULZsy5xrjwo6JC8jjQ7PzmC2w5Q1CwbIok HTTP/1.1
2020-12-20 08:16:32  [ main:286 ] - [ DEBUG ]  >> GET /cgi-bin/gettoken?corpid=ww08701ecf7ef7ffc5&corpsecret=9BBxJMslOULZsy5xrjwo6JC8jjQ7PzmC2w5Q1CwbIok HTTP/1.1
2020-12-20 08:16:32  [ main:287 ] - [ DEBUG ]  >> Accept: */*
2020-12-20 08:16:32  [ main:287 ] - [ DEBUG ]  >> Accept: */*
2020-12-20 08:16:32  [ main:287 ] - [ DEBUG ]  >> Content-Length: 0
2020-12-20 08:16:32  [ main:287 ] - [ DEBUG ]  >> Content-Length: 0
2020-12-20 08:16:32  [ main:288 ] - [ DEBUG ]  >> Host: qyapi.weixin.qq.com
2020-12-20 08:16:32  [ main:288 ] - [ DEBUG ]  >> Host: qyapi.weixin.qq.com
2020-12-20 08:16:32  [ main:288 ] - [ DEBUG ]  >> Connection: Keep-Alive
2020-12-20 08:16:32  [ main:288 ] - [ DEBUG ]  >> Connection: Keep-Alive
2020-12-20 08:16:32  [ main:288 ] - [ DEBUG ]  >> User-Agent: Apache-HttpClient/4.5.2 (Java/1.8.0_191)
2020-12-20 08:16:32  [ main:288 ] - [ DEBUG ]  >> User-Agent: Apache-HttpClient/4.5.2 (Java/1.8.0_191)
2020-12-20 08:16:32  [ main:289 ] - [ DEBUG ]  >> Accept-Encoding: gzip,deflate
2020-12-20 08:16:32  [ main:289 ] - [ DEBUG ]  >> Accept-Encoding: gzip,deflate
2020-12-20 08:16:32  [ main:332 ] - [ DEBUG ]   << "HTTP/1.1 200 OK[\r][\n]"
2020-12-20 08:16:32  [ main:332 ] - [ DEBUG ]   << "HTTP/1.1 200 OK[\r][\n]"
2020-12-20 08:16:32  [ main:334 ] - [ DEBUG ]   << "Server: nginx[\r][\n]"
2020-12-20 08:16:32  [ main:334 ] - [ DEBUG ]   << "Server: nginx[\r][\n]"
2020-12-20 08:16:32  [ main:334 ] - [ DEBUG ]   << "Date: Sun, 20 Dec 2020 00:16:34 GMT[\r][\n]"
2020-12-20 08:16:32  [ main:334 ] - [ DEBUG ]   << "Date: Sun, 20 Dec 2020 00:16:34 GMT[\r][\n]"
2020-12-20 08:16:32  [ main:335 ] - [ DEBUG ]   << "Content-Type: application/json; charset=UTF-8[\r][\n]"
2020-12-20 08:16:32  [ main:335 ] - [ DEBUG ]   << "Content-Type: application/json; charset=UTF-8[\r][\n]"
2020-12-20 08:16:32  [ main:336 ] - [ DEBUG ]   << "Content-Length: 277[\r][\n]"
2020-12-20 08:16:32  [ main:336 ] - [ DEBUG ]   << "Content-Length: 277[\r][\n]"
2020-12-20 08:16:32  [ main:336 ] - [ DEBUG ]   << "Connection: keep-alive[\r][\n]"
2020-12-20 08:16:32  [ main:336 ] - [ DEBUG ]   << "Connection: keep-alive[\r][\n]"
2020-12-20 08:16:32  [ main:337 ] - [ DEBUG ]   << "Error-Code: 0[\r][\n]"
2020-12-20 08:16:32  [ main:337 ] - [ DEBUG ]   << "Error-Code: 0[\r][\n]"
2020-12-20 08:16:32  [ main:337 ] - [ DEBUG ]   << "Error-Msg: ok[\r][\n]"
2020-12-20 08:16:32  [ main:337 ] - [ DEBUG ]   << "Error-Msg: ok[\r][\n]"
2020-12-20 08:16:32  [ main:338 ] - [ DEBUG ]   << "[\r][\n]"
2020-12-20 08:16:32  [ main:338 ] - [ DEBUG ]   << "[\r][\n]"
2020-12-20 08:16:32  [ main:339 ] - [ DEBUG ]  Receiving response: HTTP/1.1 200 OK
2020-12-20 08:16:32  [ main:339 ] - [ DEBUG ]  Receiving response: HTTP/1.1 200 OK
2020-12-20 08:16:32  [ main:340 ] - [ DEBUG ]  << HTTP/1.1 200 OK
2020-12-20 08:16:32  [ main:340 ] - [ DEBUG ]  << HTTP/1.1 200 OK
2020-12-20 08:16:32  [ main:340 ] - [ DEBUG ]  << Server: nginx
2020-12-20 08:16:32  [ main:340 ] - [ DEBUG ]  << Server: nginx
2020-12-20 08:16:32  [ main:341 ] - [ DEBUG ]  << Date: Sun, 20 Dec 2020 00:16:34 GMT
2020-12-20 08:16:32  [ main:341 ] - [ DEBUG ]  << Date: Sun, 20 Dec 2020 00:16:34 GMT
2020-12-20 08:16:32  [ main:342 ] - [ DEBUG ]  << Content-Type: application/json; charset=UTF-8
2020-12-20 08:16:32  [ main:342 ] - [ DEBUG ]  << Content-Type: application/json; charset=UTF-8
2020-12-20 08:16:32  [ main:343 ] - [ DEBUG ]  << Content-Length: 277
2020-12-20 08:16:32  [ main:343 ] - [ DEBUG ]  << Content-Length: 277
2020-12-20 08:16:32  [ main:344 ] - [ DEBUG ]  << Connection: keep-alive
2020-12-20 08:16:32  [ main:344 ] - [ DEBUG ]  << Connection: keep-alive
2020-12-20 08:16:32  [ main:344 ] - [ DEBUG ]  << Error-Code: 0
2020-12-20 08:16:32  [ main:344 ] - [ DEBUG ]  << Error-Code: 0
2020-12-20 08:16:32  [ main:345 ] - [ DEBUG ]  << Error-Msg: ok
2020-12-20 08:16:32  [ main:345 ] - [ DEBUG ]  << Error-Msg: ok
2020-12-20 08:16:32  [ main:348 ] - [ DEBUG ]  Connection can be kept alive indefinitely
2020-12-20 08:16:32  [ main:348 ] - [ DEBUG ]  Connection can be kept alive indefinitely
2020-12-20 08:16:32  [ main:367 ] - [ DEBUG ]  Parsing response as: application/json; charset=UTF-8
2020-12-20 08:16:32  [ main:367 ] - [ DEBUG ]  Parsing response as: application/json; charset=UTF-8
2020-12-20 08:16:32  [ main:367 ] - [ DEBUG ]  Parsed data to instance of: class org.apache.http.conn.EofSensorInputStream
2020-12-20 08:16:32  [ main:367 ] - [ DEBUG ]  Parsed data to instance of: class org.apache.http.conn.EofSensorInputStream
2020-12-20 08:16:32  [ main:421 ] - [ DEBUG ]   << "{"errcode":0,"errmsg":"ok","access_token":"fPznEgKTjaaFCAzygXE2rfUh2E6fGP4mdWpdZBnMMRTlIG_bjQ3MmYlOjb_mQGRK9JoTBTwzYgzev-Gyu15gz40fWelgSFwVE666SYEzuk2tmSGNG0QoDJMleT5OWTLjONfV-ACFh5ih9h6wn8NnDO55KsGhXY4t5Hpc8O62TeyVxh0oeEC9BlnarV2cDT27zcPNHn-h_qQNzGG9WmyfGg","expires_in":7200}"
2020-12-20 08:16:32  [ main:421 ] - [ DEBUG ]   << "{"errcode":0,"errmsg":"ok","access_token":"fPznEgKTjaaFCAzygXE2rfUh2E6fGP4mdWpdZBnMMRTlIG_bjQ3MmYlOjb_mQGRK9JoTBTwzYgzev-Gyu15gz40fWelgSFwVE666SYEzuk2tmSGNG0QoDJMleT5OWTLjONfV-ACFh5ih9h6wn8NnDO55KsGhXY4t5Hpc8O62TeyVxh0oeEC9BlnarV2cDT27zcPNHn-h_qQNzGG9WmyfGg","expires_in":7200}"
2020-12-20 08:16:32  [ main:423 ] - [ DEBUG ]  Releasing connection org.apache.http.impl.conn.ManagedClientConnectionImpl@26b894bd
2020-12-20 08:16:32  [ main:423 ] - [ DEBUG ]  Releasing connection org.apache.http.impl.conn.ManagedClientConnectionImpl@26b894bd
2020-12-20 08:16:32  [ main:423 ] - [ DEBUG ]  Connection can be kept alive indefinitely
2020-12-20 08:16:32  [ main:423 ] - [ DEBUG ]  Connection can be kept alive indefinitely
2020-12-20 08:16:33  [ main:888 ] - [ INFO ]  fPznEgKTjaaFCAzygXE2rfUh2E6fGP4mdWpdZBnMMRTlIG_bjQ3MmYlOjb_mQGRK9JoTBTwzYgzev-Gyu15gz40fWelgSFwVE666SYEzuk2tmSGNG0QoDJMleT5OWTLjONfV-ACFh5ih9h6wn8NnDO55KsGhXY4t5Hpc8O62TeyVxh0oeEC9BlnarV2cDT27zcPNHn-h_qQNzGG9WmyfGg
2020-12-20 08:16:33  [ main:888 ] - [ INFO ]  fPznEgKTjaaFCAzygXE2rfUh2E6fGP4mdWpdZBnMMRTlIG_bjQ3MmYlOjb_mQGRK9JoTBTwzYgzev-Gyu15gz40fWelgSFwVE666SYEzuk2tmSGNG0QoDJMleT5OWTLjONfV-ACFh5ih9h6wn8NnDO55KsGhXY4t5Hpc8O62TeyVxh0oeEC9BlnarV2cDT27zcPNHn-h_qQNzGG9WmyfGg
2020-12-20 08:17:10  [ main:0 ] - [ DEBUG ]  Get connection for route {s}->https://qyapi.weixin.qq.com:443
2020-12-20 08:17:10  [ main:0 ] - [ DEBUG ]  Get connection for route {s}->https://qyapi.weixin.qq.com:443
2020-12-20 08:17:10  [ main:46 ] - [ DEBUG ]  Connecting to qyapi.weixin.qq.com:443
2020-12-20 08:17:10  [ main:46 ] - [ DEBUG ]  Connecting to qyapi.weixin.qq.com:443
2020-12-20 08:17:10  [ main:234 ] - [ DEBUG ]  CookieSpec selected: ignoreCookies
2020-12-20 08:17:10  [ main:234 ] - [ DEBUG ]  CookieSpec selected: ignoreCookies
2020-12-20 08:17:10  [ main:236 ] - [ DEBUG ]  Auth cache not set in the context
2020-12-20 08:17:10  [ main:236 ] - [ DEBUG ]  Auth cache not set in the context
2020-12-20 08:17:10  [ main:236 ] - [ DEBUG ]  Target auth state: UNCHALLENGED
2020-12-20 08:17:10  [ main:236 ] - [ DEBUG ]  Target auth state: UNCHALLENGED
2020-12-20 08:17:10  [ main:237 ] - [ DEBUG ]  Proxy auth state: UNCHALLENGED
2020-12-20 08:17:10  [ main:237 ] - [ DEBUG ]  Proxy auth state: UNCHALLENGED
2020-12-20 08:17:10  [ main:237 ] - [ DEBUG ]  Attempt 1 to execute request
2020-12-20 08:17:10  [ main:237 ] - [ DEBUG ]  Attempt 1 to execute request
2020-12-20 08:17:10  [ main:238 ] - [ DEBUG ]  Sending request: GET /cgi-bin/gettoken?corpid=ww08701ecf7ef7ffc5&corpsecret=9BBxJMslOULZsy5xrjwo6JC8jjQ7PzmC2w5Q1CwbIok HTTP/1.1
2020-12-20 08:17:10  [ main:238 ] - [ DEBUG ]  Sending request: GET /cgi-bin/gettoken?corpid=ww08701ecf7ef7ffc5&corpsecret=9BBxJMslOULZsy5xrjwo6JC8jjQ7PzmC2w5Q1CwbIok HTTP/1.1
2020-12-20 08:17:10  [ main:238 ] - [ DEBUG ]   >> "GET /cgi-bin/gettoken?corpid=ww08701ecf7ef7ffc5&corpsecret=9BBxJMslOULZsy5xrjwo6JC8jjQ7PzmC2w5Q1CwbIok HTTP/1.1[\r][\n]"
2020-12-20 08:17:10  [ main:238 ] - [ DEBUG ]   >> "GET /cgi-bin/gettoken?corpid=ww08701ecf7ef7ffc5&corpsecret=9BBxJMslOULZsy5xrjwo6JC8jjQ7PzmC2w5Q1CwbIok HTTP/1.1[\r][\n]"
2020-12-20 08:17:10  [ main:239 ] - [ DEBUG ]   >> "Accept: */*[\r][\n]"
2020-12-20 08:17:10  [ main:239 ] - [ DEBUG ]   >> "Accept: */*[\r][\n]"
2020-12-20 08:17:10  [ main:239 ] - [ DEBUG ]   >> "Content-Length: 0[\r][\n]"
2020-12-20 08:17:10  [ main:239 ] - [ DEBUG ]   >> "Content-Length: 0[\r][\n]"
2020-12-20 08:17:10  [ main:240 ] - [ DEBUG ]   >> "Host: qyapi.weixin.qq.com[\r][\n]"
2020-12-20 08:17:10  [ main:240 ] - [ DEBUG ]   >> "Host: qyapi.weixin.qq.com[\r][\n]"
2020-12-20 08:17:10  [ main:240 ] - [ DEBUG ]   >> "Connection: Keep-Alive[\r][\n]"
2020-12-20 08:17:10  [ main:240 ] - [ DEBUG ]   >> "Connection: Keep-Alive[\r][\n]"
2020-12-20 08:17:10  [ main:240 ] - [ DEBUG ]   >> "User-Agent: Apache-HttpClient/4.5.2 (Java/1.8.0_191)[\r][\n]"
2020-12-20 08:17:10  [ main:240 ] - [ DEBUG ]   >> "User-Agent: Apache-HttpClient/4.5.2 (Java/1.8.0_191)[\r][\n]"
2020-12-20 08:17:10  [ main:241 ] - [ DEBUG ]   >> "Accept-Encoding: gzip,deflate[\r][\n]"
2020-12-20 08:17:10  [ main:241 ] - [ DEBUG ]   >> "Accept-Encoding: gzip,deflate[\r][\n]"
2020-12-20 08:17:10  [ main:241 ] - [ DEBUG ]   >> "[\r][\n]"
2020-12-20 08:17:10  [ main:241 ] - [ DEBUG ]   >> "[\r][\n]"
2020-12-20 08:17:10  [ main:242 ] - [ DEBUG ]  >> GET /cgi-bin/gettoken?corpid=ww08701ecf7ef7ffc5&corpsecret=9BBxJMslOULZsy5xrjwo6JC8jjQ7PzmC2w5Q1CwbIok HTTP/1.1
2020-12-20 08:17:10  [ main:242 ] - [ DEBUG ]  >> GET /cgi-bin/gettoken?corpid=ww08701ecf7ef7ffc5&corpsecret=9BBxJMslOULZsy5xrjwo6JC8jjQ7PzmC2w5Q1CwbIok HTTP/1.1
2020-12-20 08:17:10  [ main:243 ] - [ DEBUG ]  >> Accept: */*
2020-12-20 08:17:10  [ main:243 ] - [ DEBUG ]  >> Accept: */*
2020-12-20 08:17:10  [ main:243 ] - [ DEBUG ]  >> Content-Length: 0
2020-12-20 08:17:10  [ main:243 ] - [ DEBUG ]  >> Content-Length: 0
2020-12-20 08:17:10  [ main:243 ] - [ DEBUG ]  >> Host: qyapi.weixin.qq.com
2020-12-20 08:17:10  [ main:243 ] - [ DEBUG ]  >> Host: qyapi.weixin.qq.com
2020-12-20 08:17:10  [ main:244 ] - [ DEBUG ]  >> Connection: Keep-Alive
2020-12-20 08:17:10  [ main:244 ] - [ DEBUG ]  >> Connection: Keep-Alive
2020-12-20 08:17:10  [ main:244 ] - [ DEBUG ]  >> User-Agent: Apache-HttpClient/4.5.2 (Java/1.8.0_191)
2020-12-20 08:17:10  [ main:244 ] - [ DEBUG ]  >> User-Agent: Apache-HttpClient/4.5.2 (Java/1.8.0_191)
2020-12-20 08:17:10  [ main:244 ] - [ DEBUG ]  >> Accept-Encoding: gzip,deflate
2020-12-20 08:17:10  [ main:244 ] - [ DEBUG ]  >> Accept-Encoding: gzip,deflate
2020-12-20 08:17:10  [ main:300 ] - [ DEBUG ]   << "HTTP/1.1 200 OK[\r][\n]"
2020-12-20 08:17:10  [ main:300 ] - [ DEBUG ]   << "HTTP/1.1 200 OK[\r][\n]"
2020-12-20 08:17:10  [ main:302 ] - [ DEBUG ]   << "Server: nginx[\r][\n]"
2020-12-20 08:17:10  [ main:302 ] - [ DEBUG ]   << "Server: nginx[\r][\n]"
2020-12-20 08:17:10  [ main:302 ] - [ DEBUG ]   << "Date: Sun, 20 Dec 2020 00:17:11 GMT[\r][\n]"
2020-12-20 08:17:10  [ main:302 ] - [ DEBUG ]   << "Date: Sun, 20 Dec 2020 00:17:11 GMT[\r][\n]"
2020-12-20 08:17:10  [ main:303 ] - [ DEBUG ]   << "Content-Type: application/json; charset=UTF-8[\r][\n]"
2020-12-20 08:17:10  [ main:303 ] - [ DEBUG ]   << "Content-Type: application/json; charset=UTF-8[\r][\n]"
2020-12-20 08:17:10  [ main:303 ] - [ DEBUG ]   << "Content-Length: 277[\r][\n]"
2020-12-20 08:17:10  [ main:303 ] - [ DEBUG ]   << "Content-Length: 277[\r][\n]"
2020-12-20 08:17:10  [ main:303 ] - [ DEBUG ]   << "Connection: keep-alive[\r][\n]"
2020-12-20 08:17:10  [ main:303 ] - [ DEBUG ]   << "Connection: keep-alive[\r][\n]"
2020-12-20 08:17:10  [ main:308 ] - [ DEBUG ]   << "Error-Code: 0[\r][\n]"
2020-12-20 08:17:10  [ main:308 ] - [ DEBUG ]   << "Error-Code: 0[\r][\n]"
2020-12-20 08:17:10  [ main:308 ] - [ DEBUG ]   << "Error-Msg: ok[\r][\n]"
2020-12-20 08:17:10  [ main:308 ] - [ DEBUG ]   << "Error-Msg: ok[\r][\n]"
2020-12-20 08:17:10  [ main:309 ] - [ DEBUG ]   << "[\r][\n]"
2020-12-20 08:17:10  [ main:309 ] - [ DEBUG ]   << "[\r][\n]"
2020-12-20 08:17:10  [ main:310 ] - [ DEBUG ]  Receiving response: HTTP/1.1 200 OK
2020-12-20 08:17:10  [ main:310 ] - [ DEBUG ]  Receiving response: HTTP/1.1 200 OK
2020-12-20 08:17:10  [ main:310 ] - [ DEBUG ]  << HTTP/1.1 200 OK
2020-12-20 08:17:10  [ main:310 ] - [ DEBUG ]  << HTTP/1.1 200 OK
2020-12-20 08:17:10  [ main:311 ] - [ DEBUG ]  << Server: nginx
2020-12-20 08:17:10  [ main:311 ] - [ DEBUG ]  << Server: nginx
2020-12-20 08:17:10  [ main:311 ] - [ DEBUG ]  << Date: Sun, 20 Dec 2020 00:17:11 GMT
2020-12-20 08:17:10  [ main:311 ] - [ DEBUG ]  << Date: Sun, 20 Dec 2020 00:17:11 GMT
2020-12-20 08:17:10  [ main:312 ] - [ DEBUG ]  << Content-Type: application/json; charset=UTF-8
2020-12-20 08:17:10  [ main:312 ] - [ DEBUG ]  << Content-Type: application/json; charset=UTF-8
2020-12-20 08:17:10  [ main:312 ] - [ DEBUG ]  << Content-Length: 277
2020-12-20 08:17:10  [ main:312 ] - [ DEBUG ]  << Content-Length: 277
2020-12-20 08:17:10  [ main:313 ] - [ DEBUG ]  << Connection: keep-alive
2020-12-20 08:17:10  [ main:313 ] - [ DEBUG ]  << Connection: keep-alive
2020-12-20 08:17:10  [ main:313 ] - [ DEBUG ]  << Error-Code: 0
2020-12-20 08:17:10  [ main:313 ] - [ DEBUG ]  << Error-Code: 0
2020-12-20 08:17:10  [ main:314 ] - [ DEBUG ]  << Error-Msg: ok
2020-12-20 08:17:10  [ main:314 ] - [ DEBUG ]  << Error-Msg: ok
2020-12-20 08:17:10  [ main:317 ] - [ DEBUG ]  Connection can be kept alive indefinitely
2020-12-20 08:17:10  [ main:317 ] - [ DEBUG ]  Connection can be kept alive indefinitely
2020-12-20 08:17:10  [ main:330 ] - [ DEBUG ]  Parsing response as: application/json; charset=UTF-8
2020-12-20 08:17:10  [ main:330 ] - [ DEBUG ]  Parsing response as: application/json; charset=UTF-8
2020-12-20 08:17:10  [ main:331 ] - [ DEBUG ]  Parsed data to instance of: class org.apache.http.conn.EofSensorInputStream
2020-12-20 08:17:10  [ main:331 ] - [ DEBUG ]  Parsed data to instance of: class org.apache.http.conn.EofSensorInputStream
2020-12-20 08:17:10  [ main:362 ] - [ DEBUG ]   << "{"errcode":0,"errmsg":"ok","access_token":"fPznEgKTjaaFCAzygXE2rfUh2E6fGP4mdWpdZBnMMRTlIG_bjQ3MmYlOjb_mQGRK9JoTBTwzYgzev-Gyu15gz40fWelgSFwVE666SYEzuk2tmSGNG0QoDJMleT5OWTLjONfV-ACFh5ih9h6wn8NnDO55KsGhXY4t5Hpc8O62TeyVxh0oeEC9BlnarV2cDT27zcPNHn-h_qQNzGG9WmyfGg","expires_in":7200}"
2020-12-20 08:17:10  [ main:362 ] - [ DEBUG ]   << "{"errcode":0,"errmsg":"ok","access_token":"fPznEgKTjaaFCAzygXE2rfUh2E6fGP4mdWpdZBnMMRTlIG_bjQ3MmYlOjb_mQGRK9JoTBTwzYgzev-Gyu15gz40fWelgSFwVE666SYEzuk2tmSGNG0QoDJMleT5OWTLjONfV-ACFh5ih9h6wn8NnDO55KsGhXY4t5Hpc8O62TeyVxh0oeEC9BlnarV2cDT27zcPNHn-h_qQNzGG9WmyfGg","expires_in":7200}"
2020-12-20 08:17:10  [ main:362 ] - [ DEBUG ]  Releasing connection org.apache.http.impl.conn.ManagedClientConnectionImpl@26b894bd
2020-12-20 08:17:10  [ main:362 ] - [ DEBUG ]  Releasing connection org.apache.http.impl.conn.ManagedClientConnectionImpl@26b894bd
2020-12-20 08:17:10  [ main:363 ] - [ DEBUG ]  Connection can be kept alive indefinitely
2020-12-20 08:17:10  [ main:363 ] - [ DEBUG ]  Connection can be kept alive indefinitely
2020-12-20 08:17:10  [ main:719 ] - [ INFO ]  11111111111111fPznEgKTjaaFCAzygXE2rfUh2E6fGP4mdWpdZBnMMRTlIG_bjQ3MmYlOjb_mQGRK9JoTBTwzYgzev-Gyu15gz40fWelgSFwVE666SYEzuk2tmSGNG0QoDJMleT5OWTLjONfV-ACFh5ih9h6wn8NnDO55KsGhXY4t5Hpc8O62TeyVxh0oeEC9BlnarV2cDT27zcPNHn-h_qQNzGG9WmyfGg
2020-12-20 08:17:10  [ main:719 ] - [ INFO ]  11111111111111fPznEgKTjaaFCAzygXE2rfUh2E6fGP4mdWpdZBnMMRTlIG_bjQ3MmYlOjb_mQGRK9JoTBTwzYgzev-Gyu15gz40fWelgSFwVE666SYEzuk2tmSGNG0QoDJMleT5OWTLjONfV-ACFh5ih9h6wn8NnDO55KsGhXY4t5Hpc8O62TeyVxh0oeEC9BlnarV2cDT27zcPNHn-h_qQNzGG9WmyfGg
2020-12-20 08:23:22  [ main:0 ] - [ DEBUG ]  Get connection for route {s}->https://qyapi.weixin.qq.com:443
2020-12-20 08:23:22  [ main:0 ] - [ DEBUG ]  Get connection for route {s}->https://qyapi.weixin.qq.com:443
2020-12-20 08:23:22  [ main:56 ] - [ DEBUG ]  Connecting to qyapi.weixin.qq.com:443
2020-12-20 08:23:22  [ main:56 ] - [ DEBUG ]  Connecting to qyapi.weixin.qq.com:443
2020-12-20 08:23:22  [ main:302 ] - [ DEBUG ]  CookieSpec selected: ignoreCookies
2020-12-20 08:23:22  [ main:302 ] - [ DEBUG ]  CookieSpec selected: ignoreCookies
2020-12-20 08:23:22  [ main:305 ] - [ DEBUG ]  Auth cache not set in the context
2020-12-20 08:23:22  [ main:305 ] - [ DEBUG ]  Auth cache not set in the context
2020-12-20 08:23:22  [ main:306 ] - [ DEBUG ]  Target auth state: UNCHALLENGED
2020-12-20 08:23:22  [ main:306 ] - [ DEBUG ]  Target auth state: UNCHALLENGED
2020-12-20 08:23:22  [ main:308 ] - [ DEBUG ]  Proxy auth state: UNCHALLENGED
2020-12-20 08:23:22  [ main:308 ] - [ DEBUG ]  Proxy auth state: UNCHALLENGED
2020-12-20 08:23:22  [ main:309 ] - [ DEBUG ]  Attempt 1 to execute request
2020-12-20 08:23:22  [ main:309 ] - [ DEBUG ]  Attempt 1 to execute request
2020-12-20 08:23:22  [ main:309 ] - [ DEBUG ]  Sending request: GET /cgi-bin/gettoken?corpid=ww08701ecf7ef7ffc5&corpsecret=9BBxJMslOULZsy5xrjwo6JC8jjQ7PzmC2w5Q1CwbIok HTTP/1.1
2020-12-20 08:23:22  [ main:309 ] - [ DEBUG ]  Sending request: GET /cgi-bin/gettoken?corpid=ww08701ecf7ef7ffc5&corpsecret=9BBxJMslOULZsy5xrjwo6JC8jjQ7PzmC2w5Q1CwbIok HTTP/1.1
2020-12-20 08:23:22  [ main:310 ] - [ DEBUG ]   >> "GET /cgi-bin/gettoken?corpid=ww08701ecf7ef7ffc5&corpsecret=9BBxJMslOULZsy5xrjwo6JC8jjQ7PzmC2w5Q1CwbIok HTTP/1.1[\r][\n]"
2020-12-20 08:23:22  [ main:310 ] - [ DEBUG ]   >> "GET /cgi-bin/gettoken?corpid=ww08701ecf7ef7ffc5&corpsecret=9BBxJMslOULZsy5xrjwo6JC8jjQ7PzmC2w5Q1CwbIok HTTP/1.1[\r][\n]"
2020-12-20 08:23:22  [ main:314 ] - [ DEBUG ]   >> "Accept: */*[\r][\n]"
2020-12-20 08:23:22  [ main:314 ] - [ DEBUG ]   >> "Accept: */*[\r][\n]"
2020-12-20 08:23:22  [ main:315 ] - [ DEBUG ]   >> "Content-Length: 0[\r][\n]"
2020-12-20 08:23:22  [ main:315 ] - [ DEBUG ]   >> "Content-Length: 0[\r][\n]"
2020-12-20 08:23:22  [ main:316 ] - [ DEBUG ]   >> "Host: qyapi.weixin.qq.com[\r][\n]"
2020-12-20 08:23:22  [ main:316 ] - [ DEBUG ]   >> "Host: qyapi.weixin.qq.com[\r][\n]"
2020-12-20 08:23:22  [ main:317 ] - [ DEBUG ]   >> "Connection: Keep-Alive[\r][\n]"
2020-12-20 08:23:22  [ main:317 ] - [ DEBUG ]   >> "Connection: Keep-Alive[\r][\n]"
2020-12-20 08:23:22  [ main:317 ] - [ DEBUG ]   >> "User-Agent: Apache-HttpClient/4.5.2 (Java/1.8.0_191)[\r][\n]"
2020-12-20 08:23:22  [ main:317 ] - [ DEBUG ]   >> "User-Agent: Apache-HttpClient/4.5.2 (Java/1.8.0_191)[\r][\n]"
2020-12-20 08:23:22  [ main:318 ] - [ DEBUG ]   >> "Accept-Encoding: gzip,deflate[\r][\n]"
2020-12-20 08:23:22  [ main:318 ] - [ DEBUG ]   >> "Accept-Encoding: gzip,deflate[\r][\n]"
2020-12-20 08:23:22  [ main:318 ] - [ DEBUG ]   >> "[\r][\n]"
2020-12-20 08:23:22  [ main:318 ] - [ DEBUG ]   >> "[\r][\n]"
2020-12-20 08:23:22  [ main:321 ] - [ DEBUG ]  >> GET /cgi-bin/gettoken?corpid=ww08701ecf7ef7ffc5&corpsecret=9BBxJMslOULZsy5xrjwo6JC8jjQ7PzmC2w5Q1CwbIok HTTP/1.1
2020-12-20 08:23:22  [ main:321 ] - [ DEBUG ]  >> GET /cgi-bin/gettoken?corpid=ww08701ecf7ef7ffc5&corpsecret=9BBxJMslOULZsy5xrjwo6JC8jjQ7PzmC2w5Q1CwbIok HTTP/1.1
2020-12-20 08:23:22  [ main:322 ] - [ DEBUG ]  >> Accept: */*
2020-12-20 08:23:22  [ main:322 ] - [ DEBUG ]  >> Accept: */*
2020-12-20 08:23:22  [ main:323 ] - [ DEBUG ]  >> Content-Length: 0
2020-12-20 08:23:22  [ main:323 ] - [ DEBUG ]  >> Content-Length: 0
2020-12-20 08:23:22  [ main:324 ] - [ DEBUG ]  >> Host: qyapi.weixin.qq.com
2020-12-20 08:23:22  [ main:324 ] - [ DEBUG ]  >> Host: qyapi.weixin.qq.com
2020-12-20 08:23:22  [ main:325 ] - [ DEBUG ]  >> Connection: Keep-Alive
2020-12-20 08:23:22  [ main:325 ] - [ DEBUG ]  >> Connection: Keep-Alive
2020-12-20 08:23:22  [ main:325 ] - [ DEBUG ]  >> User-Agent: Apache-HttpClient/4.5.2 (Java/1.8.0_191)
2020-12-20 08:23:22  [ main:325 ] - [ DEBUG ]  >> User-Agent: Apache-HttpClient/4.5.2 (Java/1.8.0_191)
2020-12-20 08:23:22  [ main:326 ] - [ DEBUG ]  >> Accept-Encoding: gzip,deflate
2020-12-20 08:23:22  [ main:326 ] - [ DEBUG ]  >> Accept-Encoding: gzip,deflate
2020-12-20 08:23:22  [ main:376 ] - [ DEBUG ]   << "HTTP/1.1 200 OK[\r][\n]"
2020-12-20 08:23:22  [ main:376 ] - [ DEBUG ]   << "HTTP/1.1 200 OK[\r][\n]"
2020-12-20 08:23:22  [ main:378 ] - [ DEBUG ]   << "Server: nginx[\r][\n]"
2020-12-20 08:23:22  [ main:378 ] - [ DEBUG ]   << "Server: nginx[\r][\n]"
2020-12-20 08:23:22  [ main:379 ] - [ DEBUG ]   << "Date: Sun, 20 Dec 2020 00:23:24 GMT[\r][\n]"
2020-12-20 08:23:22  [ main:379 ] - [ DEBUG ]   << "Date: Sun, 20 Dec 2020 00:23:24 GMT[\r][\n]"
2020-12-20 08:23:22  [ main:379 ] - [ DEBUG ]   << "Content-Type: application/json; charset=UTF-8[\r][\n]"
2020-12-20 08:23:22  [ main:379 ] - [ DEBUG ]   << "Content-Type: application/json; charset=UTF-8[\r][\n]"
2020-12-20 08:23:22  [ main:381 ] - [ DEBUG ]   << "Content-Length: 277[\r][\n]"
2020-12-20 08:23:22  [ main:381 ] - [ DEBUG ]   << "Content-Length: 277[\r][\n]"
2020-12-20 08:23:22  [ main:386 ] - [ DEBUG ]   << "Connection: keep-alive[\r][\n]"
2020-12-20 08:23:22  [ main:386 ] - [ DEBUG ]   << "Connection: keep-alive[\r][\n]"
2020-12-20 08:23:22  [ main:387 ] - [ DEBUG ]   << "Error-Code: 0[\r][\n]"
2020-12-20 08:23:22  [ main:387 ] - [ DEBUG ]   << "Error-Code: 0[\r][\n]"
2020-12-20 08:23:22  [ main:387 ] - [ DEBUG ]   << "Error-Msg: ok[\r][\n]"
2020-12-20 08:23:22  [ main:387 ] - [ DEBUG ]   << "Error-Msg: ok[\r][\n]"
2020-12-20 08:23:22  [ main:388 ] - [ DEBUG ]   << "[\r][\n]"
2020-12-20 08:23:22  [ main:388 ] - [ DEBUG ]   << "[\r][\n]"
2020-12-20 08:23:22  [ main:389 ] - [ DEBUG ]  Receiving response: HTTP/1.1 200 OK
2020-12-20 08:23:22  [ main:389 ] - [ DEBUG ]  Receiving response: HTTP/1.1 200 OK
2020-12-20 08:23:22  [ main:390 ] - [ DEBUG ]  << HTTP/1.1 200 OK
2020-12-20 08:23:22  [ main:390 ] - [ DEBUG ]  << HTTP/1.1 200 OK
2020-12-20 08:23:22  [ main:391 ] - [ DEBUG ]  << Server: nginx
2020-12-20 08:23:22  [ main:391 ] - [ DEBUG ]  << Server: nginx
2020-12-20 08:23:22  [ main:391 ] - [ DEBUG ]  << Date: Sun, 20 Dec 2020 00:23:24 GMT
2020-12-20 08:23:22  [ main:391 ] - [ DEBUG ]  << Date: Sun, 20 Dec 2020 00:23:24 GMT
2020-12-20 08:23:22  [ main:392 ] - [ DEBUG ]  << Content-Type: application/json; charset=UTF-8
2020-12-20 08:23:22  [ main:392 ] - [ DEBUG ]  << Content-Type: application/json; charset=UTF-8
2020-12-20 08:23:22  [ main:392 ] - [ DEBUG ]  << Content-Length: 277
2020-12-20 08:23:22  [ main:392 ] - [ DEBUG ]  << Content-Length: 277
2020-12-20 08:23:22  [ main:392 ] - [ DEBUG ]  << Connection: keep-alive
2020-12-20 08:23:22  [ main:392 ] - [ DEBUG ]  << Connection: keep-alive
2020-12-20 08:23:22  [ main:393 ] - [ DEBUG ]  << Error-Code: 0
2020-12-20 08:23:22  [ main:393 ] - [ DEBUG ]  << Error-Code: 0
2020-12-20 08:23:22  [ main:393 ] - [ DEBUG ]  << Error-Msg: ok
2020-12-20 08:23:22  [ main:393 ] - [ DEBUG ]  << Error-Msg: ok
2020-12-20 08:23:22  [ main:401 ] - [ DEBUG ]  Connection can be kept alive indefinitely
2020-12-20 08:23:22  [ main:401 ] - [ DEBUG ]  Connection can be kept alive indefinitely
2020-12-20 08:23:22  [ main:419 ] - [ DEBUG ]  Parsing response as: application/json; charset=UTF-8
2020-12-20 08:23:22  [ main:419 ] - [ DEBUG ]  Parsing response as: application/json; charset=UTF-8
2020-12-20 08:23:22  [ main:420 ] - [ DEBUG ]  Parsed data to instance of: class org.apache.http.conn.EofSensorInputStream
2020-12-20 08:23:22  [ main:420 ] - [ DEBUG ]  Parsed data to instance of: class org.apache.http.conn.EofSensorInputStream
2020-12-20 08:23:23  [ main:487 ] - [ DEBUG ]   << "{"errcode":0,"errmsg":"ok","access_token":"fPznEgKTjaaFCAzygXE2rfUh2E6fGP4mdWpdZBnMMRTlIG_bjQ3MmYlOjb_mQGRK9JoTBTwzYgzev-Gyu15gz40fWelgSFwVE666SYEzuk2tmSGNG0QoDJMleT5OWTLjONfV-ACFh5ih9h6wn8NnDO55KsGhXY4t5Hpc8O62TeyVxh0oeEC9BlnarV2cDT27zcPNHn-h_qQNzGG9WmyfGg","expires_in":7200}"
2020-12-20 08:23:23  [ main:487 ] - [ DEBUG ]   << "{"errcode":0,"errmsg":"ok","access_token":"fPznEgKTjaaFCAzygXE2rfUh2E6fGP4mdWpdZBnMMRTlIG_bjQ3MmYlOjb_mQGRK9JoTBTwzYgzev-Gyu15gz40fWelgSFwVE666SYEzuk2tmSGNG0QoDJMleT5OWTLjONfV-ACFh5ih9h6wn8NnDO55KsGhXY4t5Hpc8O62TeyVxh0oeEC9BlnarV2cDT27zcPNHn-h_qQNzGG9WmyfGg","expires_in":7200}"
2020-12-20 08:23:23  [ main:488 ] - [ DEBUG ]  Releasing connection org.apache.http.impl.conn.ManagedClientConnectionImpl@26b894bd
2020-12-20 08:23:23  [ main:488 ] - [ DEBUG ]  Releasing connection org.apache.http.impl.conn.ManagedClientConnectionImpl@26b894bd
2020-12-20 08:23:23  [ main:489 ] - [ DEBUG ]  Connection can be kept alive indefinitely
2020-12-20 08:23:23  [ main:489 ] - [ DEBUG ]  Connection can be kept alive indefinitely
2020-12-20 08:23:23  [ main:1005 ] - [ INFO ]  11111111111111fPznEgKTjaaFCAzygXE2rfUh2E6fGP4mdWpdZBnMMRTlIG_bjQ3MmYlOjb_mQGRK9JoTBTwzYgzev-Gyu15gz40fWelgSFwVE666SYEzuk2tmSGNG0QoDJMleT5OWTLjONfV-ACFh5ih9h6wn8NnDO55KsGhXY4t5Hpc8O62TeyVxh0oeEC9BlnarV2cDT27zcPNHn-h_qQNzGG9WmyfGg
2020-12-20 08:23:23  [ main:1005 ] - [ INFO ]  11111111111111fPznEgKTjaaFCAzygXE2rfUh2E6fGP4mdWpdZBnMMRTlIG_bjQ3MmYlOjb_mQGRK9JoTBTwzYgzev-Gyu15gz40fWelgSFwVE666SYEzuk2tmSGNG0QoDJMleT5OWTLjONfV-ACFh5ih9h6wn8NnDO55KsGhXY4t5Hpc8O62TeyVxh0oeEC9BlnarV2cDT27zcPNHn-h_qQNzGG9WmyfGg
2020-12-20 11:36:01  [ main:0 ] - [ DEBUG ]  Get connection for route {s}->https://qyapi.weixin.qq.com:443
2020-12-20 11:36:01  [ main:0 ] - [ DEBUG ]  Get connection for route {s}->https://qyapi.weixin.qq.com:443
2020-12-20 11:36:01  [ main:62 ] - [ DEBUG ]  Connecting to qyapi.weixin.qq.com:443
2020-12-20 11:36:01  [ main:62 ] - [ DEBUG ]  Connecting to qyapi.weixin.qq.com:443
2020-12-20 11:36:01  [ main:356 ] - [ DEBUG ]  CookieSpec selected: ignoreCookies
2020-12-20 11:36:01  [ main:356 ] - [ DEBUG ]  CookieSpec selected: ignoreCookies
2020-12-20 11:36:01  [ main:359 ] - [ DEBUG ]  Auth cache not set in the context
2020-12-20 11:36:01  [ main:359 ] - [ DEBUG ]  Auth cache not set in the context
2020-12-20 11:36:01  [ main:360 ] - [ DEBUG ]  Target auth state: UNCHALLENGED
2020-12-20 11:36:01  [ main:360 ] - [ DEBUG ]  Target auth state: UNCHALLENGED
2020-12-20 11:36:01  [ main:362 ] - [ DEBUG ]  Proxy auth state: UNCHALLENGED
2020-12-20 11:36:01  [ main:362 ] - [ DEBUG ]  Proxy auth state: UNCHALLENGED
2020-12-20 11:36:01  [ main:363 ] - [ DEBUG ]  Attempt 1 to execute request
2020-12-20 11:36:01  [ main:363 ] - [ DEBUG ]  Attempt 1 to execute request
2020-12-20 11:36:01  [ main:364 ] - [ DEBUG ]  Sending request: GET /cgi-bin/gettoken?corpid=ww08701ecf7ef7ffc5&corpsecret=9BBxJMslOULZsy5xrjwo6JC8jjQ7PzmC2w5Q1CwbIok HTTP/1.1
2020-12-20 11:36:01  [ main:364 ] - [ DEBUG ]  Sending request: GET /cgi-bin/gettoken?corpid=ww08701ecf7ef7ffc5&corpsecret=9BBxJMslOULZsy5xrjwo6JC8jjQ7PzmC2w5Q1CwbIok HTTP/1.1
2020-12-20 11:36:01  [ main:365 ] - [ DEBUG ]   >> "GET /cgi-bin/gettoken?corpid=ww08701ecf7ef7ffc5&corpsecret=9BBxJMslOULZsy5xrjwo6JC8jjQ7PzmC2w5Q1CwbIok HTTP/1.1[\r][\n]"
2020-12-20 11:36:01  [ main:365 ] - [ DEBUG ]   >> "GET /cgi-bin/gettoken?corpid=ww08701ecf7ef7ffc5&corpsecret=9BBxJMslOULZsy5xrjwo6JC8jjQ7PzmC2w5Q1CwbIok HTTP/1.1[\r][\n]"
2020-12-20 11:36:01  [ main:367 ] - [ DEBUG ]   >> "Accept: */*[\r][\n]"
2020-12-20 11:36:01  [ main:367 ] - [ DEBUG ]   >> "Accept: */*[\r][\n]"
2020-12-20 11:36:01  [ main:368 ] - [ DEBUG ]   >> "Content-Length: 0[\r][\n]"
2020-12-20 11:36:01  [ main:368 ] - [ DEBUG ]   >> "Content-Length: 0[\r][\n]"
2020-12-20 11:36:01  [ main:369 ] - [ DEBUG ]   >> "Host: qyapi.weixin.qq.com[\r][\n]"
2020-12-20 11:36:01  [ main:369 ] - [ DEBUG ]   >> "Host: qyapi.weixin.qq.com[\r][\n]"
2020-12-20 11:36:01  [ main:369 ] - [ DEBUG ]   >> "Connection: Keep-Alive[\r][\n]"
2020-12-20 11:36:01  [ main:369 ] - [ DEBUG ]   >> "Connection: Keep-Alive[\r][\n]"
2020-12-20 11:36:01  [ main:370 ] - [ DEBUG ]   >> "User-Agent: Apache-HttpClient/4.5.2 (Java/1.8.0_191)[\r][\n]"
2020-12-20 11:36:01  [ main:370 ] - [ DEBUG ]   >> "User-Agent: Apache-HttpClient/4.5.2 (Java/1.8.0_191)[\r][\n]"
2020-12-20 11:36:01  [ main:371 ] - [ DEBUG ]   >> "Accept-Encoding: gzip,deflate[\r][\n]"
2020-12-20 11:36:01  [ main:371 ] - [ DEBUG ]   >> "Accept-Encoding: gzip,deflate[\r][\n]"
2020-12-20 11:36:01  [ main:372 ] - [ DEBUG ]   >> "[\r][\n]"
2020-12-20 11:36:01  [ main:372 ] - [ DEBUG ]   >> "[\r][\n]"
2020-12-20 11:36:01  [ main:374 ] - [ DEBUG ]  >> GET /cgi-bin/gettoken?corpid=ww08701ecf7ef7ffc5&corpsecret=9BBxJMslOULZsy5xrjwo6JC8jjQ7PzmC2w5Q1CwbIok HTTP/1.1
2020-12-20 11:36:01  [ main:374 ] - [ DEBUG ]  >> GET /cgi-bin/gettoken?corpid=ww08701ecf7ef7ffc5&corpsecret=9BBxJMslOULZsy5xrjwo6JC8jjQ7PzmC2w5Q1CwbIok HTTP/1.1
2020-12-20 11:36:01  [ main:375 ] - [ DEBUG ]  >> Accept: */*
2020-12-20 11:36:01  [ main:375 ] - [ DEBUG ]  >> Accept: */*
2020-12-20 11:36:01  [ main:376 ] - [ DEBUG ]  >> Content-Length: 0
2020-12-20 11:36:01  [ main:376 ] - [ DEBUG ]  >> Content-Length: 0
2020-12-20 11:36:01  [ main:377 ] - [ DEBUG ]  >> Host: qyapi.weixin.qq.com
2020-12-20 11:36:01  [ main:377 ] - [ DEBUG ]  >> Host: qyapi.weixin.qq.com
2020-12-20 11:36:01  [ main:377 ] - [ DEBUG ]  >> Connection: Keep-Alive
2020-12-20 11:36:01  [ main:377 ] - [ DEBUG ]  >> Connection: Keep-Alive
2020-12-20 11:36:01  [ main:378 ] - [ DEBUG ]  >> User-Agent: Apache-HttpClient/4.5.2 (Java/1.8.0_191)
2020-12-20 11:36:01  [ main:378 ] - [ DEBUG ]  >> User-Agent: Apache-HttpClient/4.5.2 (Java/1.8.0_191)
2020-12-20 11:36:01  [ main:379 ] - [ DEBUG ]  >> Accept-Encoding: gzip,deflate
2020-12-20 11:36:01  [ main:379 ] - [ DEBUG ]  >> Accept-Encoding: gzip,deflate
2020-12-20 11:36:01  [ main:493 ] - [ DEBUG ]   << "HTTP/1.1 200 OK[\r][\n]"
2020-12-20 11:36:01  [ main:493 ] - [ DEBUG ]   << "HTTP/1.1 200 OK[\r][\n]"
2020-12-20 11:36:01  [ main:496 ] - [ DEBUG ]   << "Server: nginx[\r][\n]"
2020-12-20 11:36:01  [ main:496 ] - [ DEBUG ]   << "Server: nginx[\r][\n]"
2020-12-20 11:36:01  [ main:497 ] - [ DEBUG ]   << "Date: Sun, 20 Dec 2020 03:36:02 GMT[\r][\n]"
2020-12-20 11:36:01  [ main:497 ] - [ DEBUG ]   << "Date: Sun, 20 Dec 2020 03:36:02 GMT[\r][\n]"
2020-12-20 11:36:01  [ main:498 ] - [ DEBUG ]   << "Content-Type: application/json; charset=UTF-8[\r][\n]"
2020-12-20 11:36:01  [ main:498 ] - [ DEBUG ]   << "Content-Type: application/json; charset=UTF-8[\r][\n]"
2020-12-20 11:36:01  [ main:499 ] - [ DEBUG ]   << "Content-Length: 277[\r][\n]"
2020-12-20 11:36:01  [ main:499 ] - [ DEBUG ]   << "Content-Length: 277[\r][\n]"
2020-12-20 11:36:01  [ main:499 ] - [ DEBUG ]   << "Connection: keep-alive[\r][\n]"
2020-12-20 11:36:01  [ main:499 ] - [ DEBUG ]   << "Connection: keep-alive[\r][\n]"
2020-12-20 11:36:01  [ main:500 ] - [ DEBUG ]   << "Error-Code: 0[\r][\n]"
2020-12-20 11:36:01  [ main:500 ] - [ DEBUG ]   << "Error-Code: 0[\r][\n]"
2020-12-20 11:36:01  [ main:501 ] - [ DEBUG ]   << "Error-Msg: ok[\r][\n]"
2020-12-20 11:36:01  [ main:501 ] - [ DEBUG ]   << "Error-Msg: ok[\r][\n]"
2020-12-20 11:36:01  [ main:501 ] - [ DEBUG ]   << "[\r][\n]"
2020-12-20 11:36:01  [ main:501 ] - [ DEBUG ]   << "[\r][\n]"
2020-12-20 11:36:01  [ main:503 ] - [ DEBUG ]  Receiving response: HTTP/1.1 200 OK
2020-12-20 11:36:01  [ main:503 ] - [ DEBUG ]  Receiving response: HTTP/1.1 200 OK
2020-12-20 11:36:01  [ main:504 ] - [ DEBUG ]  << HTTP/1.1 200 OK
2020-12-20 11:36:01  [ main:504 ] - [ DEBUG ]  << HTTP/1.1 200 OK
2020-12-20 11:36:01  [ main:505 ] - [ DEBUG ]  << Server: nginx
2020-12-20 11:36:01  [ main:505 ] - [ DEBUG ]  << Server: nginx
2020-12-20 11:36:01  [ main:505 ] - [ DEBUG ]  << Date: Sun, 20 Dec 2020 03:36:02 GMT
2020-12-20 11:36:01  [ main:505 ] - [ DEBUG ]  << Date: Sun, 20 Dec 2020 03:36:02 GMT
2020-12-20 11:36:01  [ main:506 ] - [ DEBUG ]  << Content-Type: application/json; charset=UTF-8
2020-12-20 11:36:01  [ main:506 ] - [ DEBUG ]  << Content-Type: application/json; charset=UTF-8
2020-12-20 11:36:01  [ main:506 ] - [ DEBUG ]  << Content-Length: 277
2020-12-20 11:36:01  [ main:506 ] - [ DEBUG ]  << Content-Length: 277
2020-12-20 11:36:01  [ main:507 ] - [ DEBUG ]  << Connection: keep-alive
2020-12-20 11:36:01  [ main:507 ] - [ DEBUG ]  << Connection: keep-alive
2020-12-20 11:36:01  [ main:507 ] - [ DEBUG ]  << Error-Code: 0
2020-12-20 11:36:01  [ main:507 ] - [ DEBUG ]  << Error-Code: 0
2020-12-20 11:36:01  [ main:508 ] - [ DEBUG ]  << Error-Msg: ok
2020-12-20 11:36:01  [ main:508 ] - [ DEBUG ]  << Error-Msg: ok
2020-12-20 11:36:02  [ main:523 ] - [ DEBUG ]  Connection can be kept alive indefinitely
2020-12-20 11:36:02  [ main:523 ] - [ DEBUG ]  Connection can be kept alive indefinitely
2020-12-20 11:36:02  [ main:546 ] - [ DEBUG ]  Parsing response as: application/json; charset=UTF-8
2020-12-20 11:36:02  [ main:546 ] - [ DEBUG ]  Parsing response as: application/json; charset=UTF-8
2020-12-20 11:36:02  [ main:547 ] - [ DEBUG ]  Parsed data to instance of: class org.apache.http.conn.EofSensorInputStream
2020-12-20 11:36:02  [ main:547 ] - [ DEBUG ]  Parsed data to instance of: class org.apache.http.conn.EofSensorInputStream
2020-12-20 11:36:02  [ main:612 ] - [ DEBUG ]   << "{"errcode":0,"errmsg":"ok","access_token":"HGTt85qkUjkft2gm6Aix-EgEkhgADpJQyEwldfJBTr6_2vU3w1Vgq7nGYEPo8YLfGat6Wo2F9aLUcC7pHrAVRXiXVG50-U6fKllc4re2wFxxUNXZt-tp5xgwMMmYwkw4fcfPozgOe9tVDkLXfHotmq0es0-OrAK5KRMGDgSpCN1BRNPkX7alvBIj4m--U42ogggN1NB-bHfAY74Rt1-lkg","expires_in":7200}"
2020-12-20 11:36:02  [ main:612 ] - [ DEBUG ]   << "{"errcode":0,"errmsg":"ok","access_token":"HGTt85qkUjkft2gm6Aix-EgEkhgADpJQyEwldfJBTr6_2vU3w1Vgq7nGYEPo8YLfGat6Wo2F9aLUcC7pHrAVRXiXVG50-U6fKllc4re2wFxxUNXZt-tp5xgwMMmYwkw4fcfPozgOe9tVDkLXfHotmq0es0-OrAK5KRMGDgSpCN1BRNPkX7alvBIj4m--U42ogggN1NB-bHfAY74Rt1-lkg","expires_in":7200}"
2020-12-20 11:36:02  [ main:614 ] - [ DEBUG ]  Releasing connection org.apache.http.impl.conn.ManagedClientConnectionImpl@5769e7ae
2020-12-20 11:36:02  [ main:614 ] - [ DEBUG ]  Releasing connection org.apache.http.impl.conn.ManagedClientConnectionImpl@5769e7ae
2020-12-20 11:36:02  [ main:615 ] - [ DEBUG ]  Connection can be kept alive indefinitely
2020-12-20 11:36:02  [ main:615 ] - [ DEBUG ]  Connection can be kept alive indefinitely
2020-12-20 11:36:02  [ main:1207 ] - [ INFO ]  11111111111111HGTt85qkUjkft2gm6Aix-EgEkhgADpJQyEwldfJBTr6_2vU3w1Vgq7nGYEPo8YLfGat6Wo2F9aLUcC7pHrAVRXiXVG50-U6fKllc4re2wFxxUNXZt-tp5xgwMMmYwkw4fcfPozgOe9tVDkLXfHotmq0es0-OrAK5KRMGDgSpCN1BRNPkX7alvBIj4m--U42ogggN1NB-bHfAY74Rt1-lkg
2020-12-20 11:36:02  [ main:1207 ] - [ INFO ]  11111111111111HGTt85qkUjkft2gm6Aix-EgEkhgADpJQyEwldfJBTr6_2vU3w1Vgq7nGYEPo8YLfGat6Wo2F9aLUcC7pHrAVRXiXVG50-U6fKllc4re2wFxxUNXZt-tp5xgwMMmYwkw4fcfPozgOe9tVDkLXfHotmq0es0-OrAK5KRMGDgSpCN1BRNPkX7alvBIj4m--U42ogggN1NB-bHfAY74Rt1-lkg
2020-12-20 12:58:48  [ main:0 ] - [ DEBUG ]  Get connection for route {s}->https://qyapi.weixin.qq.com:443
2020-12-20 12:58:48  [ main:0 ] - [ DEBUG ]  Get connection for route {s}->https://qyapi.weixin.qq.com:443
2020-12-20 12:58:48  [ main:58 ] - [ DEBUG ]  Connecting to qyapi.weixin.qq.com:443
2020-12-20 12:58:48  [ main:58 ] - [ DEBUG ]  Connecting to qyapi.weixin.qq.com:443
2020-12-20 12:58:48  [ main:270 ] - [ DEBUG ]  CookieSpec selected: ignoreCookies
2020-12-20 12:58:48  [ main:270 ] - [ DEBUG ]  CookieSpec selected: ignoreCookies
2020-12-20 12:58:48  [ main:271 ] - [ DEBUG ]  Auth cache not set in the context
2020-12-20 12:58:48  [ main:271 ] - [ DEBUG ]  Auth cache not set in the context
2020-12-20 12:58:48  [ main:272 ] - [ DEBUG ]  Target auth state: UNCHALLENGED
2020-12-20 12:58:48  [ main:272 ] - [ DEBUG ]  Target auth state: UNCHALLENGED
2020-12-20 12:58:48  [ main:273 ] - [ DEBUG ]  Proxy auth state: UNCHALLENGED
2020-12-20 12:58:48  [ main:273 ] - [ DEBUG ]  Proxy auth state: UNCHALLENGED
2020-12-20 12:58:48  [ main:273 ] - [ DEBUG ]  Attempt 1 to execute request
2020-12-20 12:58:48  [ main:273 ] - [ DEBUG ]  Attempt 1 to execute request
2020-12-20 12:58:48  [ main:274 ] - [ DEBUG ]  Sending request: GET /cgi-bin/gettoken?corpid=ww08701ecf7ef7ffc5&corpsecret=9BBxJMslOULZsy5xrjwo6JC8jjQ7PzmC2w5Q1CwbIok HTTP/1.1
2020-12-20 12:58:48  [ main:274 ] - [ DEBUG ]  Sending request: GET /cgi-bin/gettoken?corpid=ww08701ecf7ef7ffc5&corpsecret=9BBxJMslOULZsy5xrjwo6JC8jjQ7PzmC2w5Q1CwbIok HTTP/1.1
2020-12-20 12:58:48  [ main:275 ] - [ DEBUG ]   >> "GET /cgi-bin/gettoken?corpid=ww08701ecf7ef7ffc5&corpsecret=9BBxJMslOULZsy5xrjwo6JC8jjQ7PzmC2w5Q1CwbIok HTTP/1.1[\r][\n]"
2020-12-20 12:58:48  [ main:275 ] - [ DEBUG ]   >> "GET /cgi-bin/gettoken?corpid=ww08701ecf7ef7ffc5&corpsecret=9BBxJMslOULZsy5xrjwo6JC8jjQ7PzmC2w5Q1CwbIok HTTP/1.1[\r][\n]"
2020-12-20 12:58:48  [ main:276 ] - [ DEBUG ]   >> "Accept: */*[\r][\n]"
2020-12-20 12:58:48  [ main:276 ] - [ DEBUG ]   >> "Accept: */*[\r][\n]"
2020-12-20 12:58:48  [ main:276 ] - [ DEBUG ]   >> "Content-Length: 0[\r][\n]"
2020-12-20 12:58:48  [ main:276 ] - [ DEBUG ]   >> "Content-Length: 0[\r][\n]"
2020-12-20 12:58:48  [ main:277 ] - [ DEBUG ]   >> "Host: qyapi.weixin.qq.com[\r][\n]"
2020-12-20 12:58:48  [ main:277 ] - [ DEBUG ]   >> "Host: qyapi.weixin.qq.com[\r][\n]"
2020-12-20 12:58:48  [ main:277 ] - [ DEBUG ]   >> "Connection: Keep-Alive[\r][\n]"
2020-12-20 12:58:48  [ main:277 ] - [ DEBUG ]   >> "Connection: Keep-Alive[\r][\n]"
2020-12-20 12:58:48  [ main:277 ] - [ DEBUG ]   >> "User-Agent: Apache-HttpClient/4.5.2 (Java/1.8.0_191)[\r][\n]"
2020-12-20 12:58:48  [ main:277 ] - [ DEBUG ]   >> "User-Agent: Apache-HttpClient/4.5.2 (Java/1.8.0_191)[\r][\n]"
2020-12-20 12:58:48  [ main:277 ] - [ DEBUG ]   >> "Accept-Encoding: gzip,deflate[\r][\n]"
2020-12-20 12:58:48  [ main:277 ] - [ DEBUG ]   >> "Accept-Encoding: gzip,deflate[\r][\n]"
2020-12-20 12:58:48  [ main:278 ] - [ DEBUG ]   >> "[\r][\n]"
2020-12-20 12:58:48  [ main:278 ] - [ DEBUG ]   >> "[\r][\n]"
2020-12-20 12:58:48  [ main:279 ] - [ DEBUG ]  >> GET /cgi-bin/gettoken?corpid=ww08701ecf7ef7ffc5&corpsecret=9BBxJMslOULZsy5xrjwo6JC8jjQ7PzmC2w5Q1CwbIok HTTP/1.1
2020-12-20 12:58:48  [ main:279 ] - [ DEBUG ]  >> GET /cgi-bin/gettoken?corpid=ww08701ecf7ef7ffc5&corpsecret=9BBxJMslOULZsy5xrjwo6JC8jjQ7PzmC2w5Q1CwbIok HTTP/1.1
2020-12-20 12:58:48  [ main:280 ] - [ DEBUG ]  >> Accept: */*
2020-12-20 12:58:48  [ main:280 ] - [ DEBUG ]  >> Accept: */*
2020-12-20 12:58:48  [ main:280 ] - [ DEBUG ]  >> Content-Length: 0
2020-12-20 12:58:48  [ main:280 ] - [ DEBUG ]  >> Content-Length: 0
2020-12-20 12:58:48  [ main:280 ] - [ DEBUG ]  >> Host: qyapi.weixin.qq.com
2020-12-20 12:58:48  [ main:280 ] - [ DEBUG ]  >> Host: qyapi.weixin.qq.com
2020-12-20 12:58:48  [ main:280 ] - [ DEBUG ]  >> Connection: Keep-Alive
2020-12-20 12:58:48  [ main:280 ] - [ DEBUG ]  >> Connection: Keep-Alive
2020-12-20 12:58:48  [ main:281 ] - [ DEBUG ]  >> User-Agent: Apache-HttpClient/4.5.2 (Java/1.8.0_191)
2020-12-20 12:58:48  [ main:281 ] - [ DEBUG ]  >> User-Agent: Apache-HttpClient/4.5.2 (Java/1.8.0_191)
2020-12-20 12:58:48  [ main:281 ] - [ DEBUG ]  >> Accept-Encoding: gzip,deflate
2020-12-20 12:58:48  [ main:281 ] - [ DEBUG ]  >> Accept-Encoding: gzip,deflate
2020-12-20 12:58:48  [ main:337 ] - [ DEBUG ]   << "HTTP/1.1 200 OK[\r][\n]"
2020-12-20 12:58:48  [ main:337 ] - [ DEBUG ]   << "HTTP/1.1 200 OK[\r][\n]"
2020-12-20 12:58:48  [ main:339 ] - [ DEBUG ]   << "Server: nginx[\r][\n]"
2020-12-20 12:58:48  [ main:339 ] - [ DEBUG ]   << "Server: nginx[\r][\n]"
2020-12-20 12:58:48  [ main:339 ] - [ DEBUG ]   << "Date: Sun, 20 Dec 2020 04:58:48 GMT[\r][\n]"
2020-12-20 12:58:48  [ main:339 ] - [ DEBUG ]   << "Date: Sun, 20 Dec 2020 04:58:48 GMT[\r][\n]"
2020-12-20 12:58:48  [ main:340 ] - [ DEBUG ]   << "Content-Type: application/json; charset=UTF-8[\r][\n]"
2020-12-20 12:58:48  [ main:340 ] - [ DEBUG ]   << "Content-Type: application/json; charset=UTF-8[\r][\n]"
2020-12-20 12:58:48  [ main:340 ] - [ DEBUG ]   << "Content-Length: 277[\r][\n]"
2020-12-20 12:58:48  [ main:340 ] - [ DEBUG ]   << "Content-Length: 277[\r][\n]"
2020-12-20 12:58:48  [ main:340 ] - [ DEBUG ]   << "Connection: keep-alive[\r][\n]"
2020-12-20 12:58:48  [ main:340 ] - [ DEBUG ]   << "Connection: keep-alive[\r][\n]"
2020-12-20 12:58:48  [ main:341 ] - [ DEBUG ]   << "Error-Code: 0[\r][\n]"
2020-12-20 12:58:48  [ main:341 ] - [ DEBUG ]   << "Error-Code: 0[\r][\n]"
2020-12-20 12:58:48  [ main:341 ] - [ DEBUG ]   << "Error-Msg: ok[\r][\n]"
2020-12-20 12:58:48  [ main:341 ] - [ DEBUG ]   << "Error-Msg: ok[\r][\n]"
2020-12-20 12:58:48  [ main:341 ] - [ DEBUG ]   << "[\r][\n]"
2020-12-20 12:58:48  [ main:341 ] - [ DEBUG ]   << "[\r][\n]"
2020-12-20 12:58:48  [ main:347 ] - [ DEBUG ]  Receiving response: HTTP/1.1 200 OK
2020-12-20 12:58:48  [ main:347 ] - [ DEBUG ]  Receiving response: HTTP/1.1 200 OK
2020-12-20 12:58:48  [ main:348 ] - [ DEBUG ]  << HTTP/1.1 200 OK
2020-12-20 12:58:48  [ main:348 ] - [ DEBUG ]  << HTTP/1.1 200 OK
2020-12-20 12:58:48  [ main:348 ] - [ DEBUG ]  << Server: nginx
2020-12-20 12:58:48  [ main:348 ] - [ DEBUG ]  << Server: nginx
2020-12-20 12:58:48  [ main:349 ] - [ DEBUG ]  << Date: Sun, 20 Dec 2020 04:58:48 GMT
2020-12-20 12:58:48  [ main:349 ] - [ DEBUG ]  << Date: Sun, 20 Dec 2020 04:58:48 GMT
2020-12-20 12:58:48  [ main:349 ] - [ DEBUG ]  << Content-Type: application/json; charset=UTF-8
2020-12-20 12:58:48  [ main:349 ] - [ DEBUG ]  << Content-Type: application/json; charset=UTF-8
2020-12-20 12:58:48  [ main:350 ] - [ DEBUG ]  << Content-Length: 277
2020-12-20 12:58:48  [ main:350 ] - [ DEBUG ]  << Content-Length: 277
2020-12-20 12:58:48  [ main:350 ] - [ DEBUG ]  << Connection: keep-alive
2020-12-20 12:58:48  [ main:350 ] - [ DEBUG ]  << Connection: keep-alive
2020-12-20 12:58:48  [ main:350 ] - [ DEBUG ]  << Error-Code: 0
2020-12-20 12:58:48  [ main:350 ] - [ DEBUG ]  << Error-Code: 0
2020-12-20 12:58:48  [ main:351 ] - [ DEBUG ]  << Error-Msg: ok
2020-12-20 12:58:48  [ main:351 ] - [ DEBUG ]  << Error-Msg: ok
2020-12-20 12:58:48  [ main:355 ] - [ DEBUG ]  Connection can be kept alive indefinitely
2020-12-20 12:58:48  [ main:355 ] - [ DEBUG ]  Connection can be kept alive indefinitely
2020-12-20 12:58:48  [ main:369 ] - [ DEBUG ]  Parsing response as: application/json; charset=UTF-8
2020-12-20 12:58:48  [ main:369 ] - [ DEBUG ]  Parsing response as: application/json; charset=UTF-8
2020-12-20 12:58:48  [ main:370 ] - [ DEBUG ]  Parsed data to instance of: class org.apache.http.conn.EofSensorInputStream
2020-12-20 12:58:48  [ main:370 ] - [ DEBUG ]  Parsed data to instance of: class org.apache.http.conn.EofSensorInputStream
2020-12-20 12:58:48  [ main:408 ] - [ DEBUG ]   << "{"errcode":0,"errmsg":"ok","access_token":"HGTt85qkUjkft2gm6Aix-EgEkhgADpJQyEwldfJBTr6_2vU3w1Vgq7nGYEPo8YLfGat6Wo2F9aLUcC7pHrAVRXiXVG50-U6fKllc4re2wFxxUNXZt-tp5xgwMMmYwkw4fcfPozgOe9tVDkLXfHotmq0es0-OrAK5KRMGDgSpCN1BRNPkX7alvBIj4m--U42ogggN1NB-bHfAY74Rt1-lkg","expires_in":7200}"
2020-12-20 12:58:48  [ main:408 ] - [ DEBUG ]   << "{"errcode":0,"errmsg":"ok","access_token":"HGTt85qkUjkft2gm6Aix-EgEkhgADpJQyEwldfJBTr6_2vU3w1Vgq7nGYEPo8YLfGat6Wo2F9aLUcC7pHrAVRXiXVG50-U6fKllc4re2wFxxUNXZt-tp5xgwMMmYwkw4fcfPozgOe9tVDkLXfHotmq0es0-OrAK5KRMGDgSpCN1BRNPkX7alvBIj4m--U42ogggN1NB-bHfAY74Rt1-lkg","expires_in":7200}"
2020-12-20 12:58:48  [ main:409 ] - [ DEBUG ]  Releasing connection org.apache.http.impl.conn.ManagedClientConnectionImpl@26b894bd
2020-12-20 12:58:48  [ main:409 ] - [ DEBUG ]  Releasing connection org.apache.http.impl.conn.ManagedClientConnectionImpl@26b894bd
2020-12-20 12:58:48  [ main:409 ] - [ DEBUG ]  Connection can be kept alive indefinitely
2020-12-20 12:58:48  [ main:409 ] - [ DEBUG ]  Connection can be kept alive indefinitely
2020-12-20 12:58:48  [ main:879 ] - [ INFO ]  HGTt85qkUjkft2gm6Aix-EgEkhgADpJQyEwldfJBTr6_2vU3w1Vgq7nGYEPo8YLfGat6Wo2F9aLUcC7pHrAVRXiXVG50-U6fKllc4re2wFxxUNXZt-tp5xgwMMmYwkw4fcfPozgOe9tVDkLXfHotmq0es0-OrAK5KRMGDgSpCN1BRNPkX7alvBIj4m--U42ogggN1NB-bHfAY74Rt1-lkg
2020-12-20 12:58:48  [ main:879 ] - [ INFO ]  HGTt85qkUjkft2gm6Aix-EgEkhgADpJQyEwldfJBTr6_2vU3w1Vgq7nGYEPo8YLfGat6Wo2F9aLUcC7pHrAVRXiXVG50-U6fKllc4re2wFxxUNXZt-tp5xgwMMmYwkw4fcfPozgOe9tVDkLXfHotmq0es0-OrAK5KRMGDgSpCN1BRNPkX7alvBIj4m--U42ogggN1NB-bHfAY74Rt1-lkg
2020-12-20 14:35:00  [ main:0 ] - [ DEBUG ]  Get connection for route {s}->https://qyapi.weixin.qq.com:443
2020-12-20 14:35:00  [ main:0 ] - [ DEBUG ]  Get connection for route {s}->https://qyapi.weixin.qq.com:443
2020-12-20 14:35:00  [ main:47 ] - [ DEBUG ]  Connecting to qyapi.weixin.qq.com:443
2020-12-20 14:35:00  [ main:47 ] - [ DEBUG ]  Connecting to qyapi.weixin.qq.com:443
2020-12-20 14:35:01  [ main:264 ] - [ DEBUG ]  CookieSpec selected: ignoreCookies
2020-12-20 14:35:01  [ main:264 ] - [ DEBUG ]  CookieSpec selected: ignoreCookies
2020-12-20 14:35:01  [ main:266 ] - [ DEBUG ]  Auth cache not set in the context
2020-12-20 14:35:01  [ main:266 ] - [ DEBUG ]  Auth cache not set in the context
2020-12-20 14:35:01  [ main:266 ] - [ DEBUG ]  Target auth state: UNCHALLENGED
2020-12-20 14:35:01  [ main:266 ] - [ DEBUG ]  Target auth state: UNCHALLENGED
2020-12-20 14:35:01  [ main:267 ] - [ DEBUG ]  Proxy auth state: UNCHALLENGED
2020-12-20 14:35:01  [ main:267 ] - [ DEBUG ]  Proxy auth state: UNCHALLENGED
2020-12-20 14:35:01  [ main:268 ] - [ DEBUG ]  Attempt 1 to execute request
2020-12-20 14:35:01  [ main:268 ] - [ DEBUG ]  Attempt 1 to execute request
2020-12-20 14:35:01  [ main:268 ] - [ DEBUG ]  Sending request: GET /cgi-bin/gettoken?corpid=ww08701ecf7ef7ffc5&corpsecret=9BBxJMslOULZsy5xrjwo6JC8jjQ7PzmC2w5Q1CwbIok HTTP/1.1
2020-12-20 14:35:01  [ main:268 ] - [ DEBUG ]  Sending request: GET /cgi-bin/gettoken?corpid=ww08701ecf7ef7ffc5&corpsecret=9BBxJMslOULZsy5xrjwo6JC8jjQ7PzmC2w5Q1CwbIok HTTP/1.1
2020-12-20 14:35:01  [ main:269 ] - [ DEBUG ]   >> "GET /cgi-bin/gettoken?corpid=ww08701ecf7ef7ffc5&corpsecret=9BBxJMslOULZsy5xrjwo6JC8jjQ7PzmC2w5Q1CwbIok HTTP/1.1[\r][\n]"
2020-12-20 14:35:01  [ main:269 ] - [ DEBUG ]   >> "GET /cgi-bin/gettoken?corpid=ww08701ecf7ef7ffc5&corpsecret=9BBxJMslOULZsy5xrjwo6JC8jjQ7PzmC2w5Q1CwbIok HTTP/1.1[\r][\n]"
2020-12-20 14:35:01  [ main:270 ] - [ DEBUG ]   >> "Accept: */*[\r][\n]"
2020-12-20 14:35:01  [ main:270 ] - [ DEBUG ]   >> "Accept: */*[\r][\n]"
2020-12-20 14:35:01  [ main:270 ] - [ DEBUG ]   >> "Content-Length: 0[\r][\n]"
2020-12-20 14:35:01  [ main:270 ] - [ DEBUG ]   >> "Content-Length: 0[\r][\n]"
2020-12-20 14:35:01  [ main:271 ] - [ DEBUG ]   >> "Host: qyapi.weixin.qq.com[\r][\n]"
2020-12-20 14:35:01  [ main:271 ] - [ DEBUG ]   >> "Host: qyapi.weixin.qq.com[\r][\n]"
2020-12-20 14:35:01  [ main:271 ] - [ DEBUG ]   >> "Connection: Keep-Alive[\r][\n]"
2020-12-20 14:35:01  [ main:271 ] - [ DEBUG ]   >> "Connection: Keep-Alive[\r][\n]"
2020-12-20 14:35:01  [ main:271 ] - [ DEBUG ]   >> "User-Agent: Apache-HttpClient/4.5.2 (Java/1.8.0_191)[\r][\n]"
2020-12-20 14:35:01  [ main:271 ] - [ DEBUG ]   >> "User-Agent: Apache-HttpClient/4.5.2 (Java/1.8.0_191)[\r][\n]"
2020-12-20 14:35:01  [ main:272 ] - [ DEBUG ]   >> "Accept-Encoding: gzip,deflate[\r][\n]"
2020-12-20 14:35:01  [ main:272 ] - [ DEBUG ]   >> "Accept-Encoding: gzip,deflate[\r][\n]"
2020-12-20 14:35:01  [ main:272 ] - [ DEBUG ]   >> "[\r][\n]"
2020-12-20 14:35:01  [ main:272 ] - [ DEBUG ]   >> "[\r][\n]"
2020-12-20 14:35:01  [ main:274 ] - [ DEBUG ]  >> GET /cgi-bin/gettoken?corpid=ww08701ecf7ef7ffc5&corpsecret=9BBxJMslOULZsy5xrjwo6JC8jjQ7PzmC2w5Q1CwbIok HTTP/1.1
2020-12-20 14:35:01  [ main:274 ] - [ DEBUG ]  >> GET /cgi-bin/gettoken?corpid=ww08701ecf7ef7ffc5&corpsecret=9BBxJMslOULZsy5xrjwo6JC8jjQ7PzmC2w5Q1CwbIok HTTP/1.1
2020-12-20 14:35:01  [ main:274 ] - [ DEBUG ]  >> Accept: */*
2020-12-20 14:35:01  [ main:274 ] - [ DEBUG ]  >> Accept: */*
2020-12-20 14:35:01  [ main:274 ] - [ DEBUG ]  >> Content-Length: 0
2020-12-20 14:35:01  [ main:274 ] - [ DEBUG ]  >> Content-Length: 0
2020-12-20 14:35:01  [ main:275 ] - [ DEBUG ]  >> Host: qyapi.weixin.qq.com
2020-12-20 14:35:01  [ main:275 ] - [ DEBUG ]  >> Host: qyapi.weixin.qq.com
2020-12-20 14:35:01  [ main:275 ] - [ DEBUG ]  >> Connection: Keep-Alive
2020-12-20 14:35:01  [ main:275 ] - [ DEBUG ]  >> Connection: Keep-Alive
2020-12-20 14:35:01  [ main:276 ] - [ DEBUG ]  >> User-Agent: Apache-HttpClient/4.5.2 (Java/1.8.0_191)
2020-12-20 14:35:01  [ main:276 ] - [ DEBUG ]  >> User-Agent: Apache-HttpClient/4.5.2 (Java/1.8.0_191)
2020-12-20 14:35:01  [ main:276 ] - [ DEBUG ]  >> Accept-Encoding: gzip,deflate
2020-12-20 14:35:01  [ main:276 ] - [ DEBUG ]  >> Accept-Encoding: gzip,deflate
2020-12-20 14:35:01  [ main:385 ] - [ DEBUG ]   << "HTTP/1.1 200 OK[\r][\n]"
2020-12-20 14:35:01  [ main:385 ] - [ DEBUG ]   << "HTTP/1.1 200 OK[\r][\n]"
2020-12-20 14:35:01  [ main:387 ] - [ DEBUG ]   << "Server: nginx[\r][\n]"
2020-12-20 14:35:01  [ main:387 ] - [ DEBUG ]   << "Server: nginx[\r][\n]"
2020-12-20 14:35:01  [ main:387 ] - [ DEBUG ]   << "Date: Sun, 20 Dec 2020 06:35:01 GMT[\r][\n]"
2020-12-20 14:35:01  [ main:387 ] - [ DEBUG ]   << "Date: Sun, 20 Dec 2020 06:35:01 GMT[\r][\n]"
2020-12-20 14:35:01  [ main:388 ] - [ DEBUG ]   << "Content-Type: application/json; charset=UTF-8[\r][\n]"
2020-12-20 14:35:01  [ main:388 ] - [ DEBUG ]   << "Content-Type: application/json; charset=UTF-8[\r][\n]"
2020-12-20 14:35:01  [ main:388 ] - [ DEBUG ]   << "Content-Length: 277[\r][\n]"
2020-12-20 14:35:01  [ main:388 ] - [ DEBUG ]   << "Content-Length: 277[\r][\n]"
2020-12-20 14:35:01  [ main:389 ] - [ DEBUG ]   << "Connection: keep-alive[\r][\n]"
2020-12-20 14:35:01  [ main:389 ] - [ DEBUG ]   << "Connection: keep-alive[\r][\n]"
2020-12-20 14:35:01  [ main:389 ] - [ DEBUG ]   << "Error-Code: 0[\r][\n]"
2020-12-20 14:35:01  [ main:389 ] - [ DEBUG ]   << "Error-Code: 0[\r][\n]"
2020-12-20 14:35:01  [ main:389 ] - [ DEBUG ]   << "Error-Msg: ok[\r][\n]"
2020-12-20 14:35:01  [ main:389 ] - [ DEBUG ]   << "Error-Msg: ok[\r][\n]"
2020-12-20 14:35:01  [ main:390 ] - [ DEBUG ]   << "[\r][\n]"
2020-12-20 14:35:01  [ main:390 ] - [ DEBUG ]   << "[\r][\n]"
2020-12-20 14:35:01  [ main:391 ] - [ DEBUG ]  Receiving response: HTTP/1.1 200 OK
2020-12-20 14:35:01  [ main:391 ] - [ DEBUG ]  Receiving response: HTTP/1.1 200 OK
2020-12-20 14:35:01  [ main:391 ] - [ DEBUG ]  << HTTP/1.1 200 OK
2020-12-20 14:35:01  [ main:391 ] - [ DEBUG ]  << HTTP/1.1 200 OK
2020-12-20 14:35:01  [ main:391 ] - [ DEBUG ]  << Server: nginx
2020-12-20 14:35:01  [ main:391 ] - [ DEBUG ]  << Server: nginx
2020-12-20 14:35:01  [ main:392 ] - [ DEBUG ]  << Date: Sun, 20 Dec 2020 06:35:01 GMT
2020-12-20 14:35:01  [ main:392 ] - [ DEBUG ]  << Date: Sun, 20 Dec 2020 06:35:01 GMT
2020-12-20 14:35:01  [ main:393 ] - [ DEBUG ]  << Content-Type: application/json; charset=UTF-8
2020-12-20 14:35:01  [ main:393 ] - [ DEBUG ]  << Content-Type: application/json; charset=UTF-8
2020-12-20 14:35:01  [ main:393 ] - [ DEBUG ]  << Content-Length: 277
2020-12-20 14:35:01  [ main:393 ] - [ DEBUG ]  << Content-Length: 277
2020-12-20 14:35:01  [ main:393 ] - [ DEBUG ]  << Connection: keep-alive
2020-12-20 14:35:01  [ main:393 ] - [ DEBUG ]  << Connection: keep-alive
2020-12-20 14:35:01  [ main:394 ] - [ DEBUG ]  << Error-Code: 0
2020-12-20 14:35:01  [ main:394 ] - [ DEBUG ]  << Error-Code: 0
2020-12-20 14:35:01  [ main:394 ] - [ DEBUG ]  << Error-Msg: ok
2020-12-20 14:35:01  [ main:394 ] - [ DEBUG ]  << Error-Msg: ok
2020-12-20 14:35:01  [ main:397 ] - [ DEBUG ]  Connection can be kept alive indefinitely
2020-12-20 14:35:01  [ main:397 ] - [ DEBUG ]  Connection can be kept alive indefinitely
2020-12-20 14:35:01  [ main:409 ] - [ DEBUG ]  Parsing response as: application/json; charset=UTF-8
2020-12-20 14:35:01  [ main:409 ] - [ DEBUG ]  Parsing response as: application/json; charset=UTF-8
2020-12-20 14:35:01  [ main:410 ] - [ DEBUG ]  Parsed data to instance of: class org.apache.http.conn.EofSensorInputStream
2020-12-20 14:35:01  [ main:410 ] - [ DEBUG ]  Parsed data to instance of: class org.apache.http.conn.EofSensorInputStream
2020-12-20 14:35:01  [ main:441 ] - [ DEBUG ]   << "{"errcode":0,"errmsg":"ok","access_token":"UxgrQ17Mabne5I6cn5QdxTcqOBpoMe15jj2SDh1qoGlZoaygVYiCb1yXQekZx04xOrdPk9g0FK7HPWjGFnrFaLCDEwL7VMnXFYLLT7ubF4NAOciy2iBAOzQTaaD5r4sC7ZweRrTQkbKCts5AKBpyj4w61U9XFTcLDslYzzr1nKUZza8VyEiIXth1znE82HUOwxXFLJjVDPLT-JdXyS8asw","expires_in":7200}"
2020-12-20 14:35:01  [ main:441 ] - [ DEBUG ]   << "{"errcode":0,"errmsg":"ok","access_token":"UxgrQ17Mabne5I6cn5QdxTcqOBpoMe15jj2SDh1qoGlZoaygVYiCb1yXQekZx04xOrdPk9g0FK7HPWjGFnrFaLCDEwL7VMnXFYLLT7ubF4NAOciy2iBAOzQTaaD5r4sC7ZweRrTQkbKCts5AKBpyj4w61U9XFTcLDslYzzr1nKUZza8VyEiIXth1znE82HUOwxXFLJjVDPLT-JdXyS8asw","expires_in":7200}"
2020-12-20 14:35:01  [ main:442 ] - [ DEBUG ]  Releasing connection org.apache.http.impl.conn.ManagedClientConnectionImpl@26b894bd
2020-12-20 14:35:01  [ main:442 ] - [ DEBUG ]  Releasing connection org.apache.http.impl.conn.ManagedClientConnectionImpl@26b894bd
2020-12-20 14:35:01  [ main:442 ] - [ DEBUG ]  Connection can be kept alive indefinitely
2020-12-20 14:35:01  [ main:442 ] - [ DEBUG ]  Connection can be kept alive indefinitely
2020-12-20 14:35:02  [ main:1201 ] - [ INFO ]  UxgrQ17Mabne5I6cn5QdxTcqOBpoMe15jj2SDh1qoGlZoaygVYiCb1yXQekZx04xOrdPk9g0FK7HPWjGFnrFaLCDEwL7VMnXFYLLT7ubF4NAOciy2iBAOzQTaaD5r4sC7ZweRrTQkbKCts5AKBpyj4w61U9XFTcLDslYzzr1nKUZza8VyEiIXth1znE82HUOwxXFLJjVDPLT-JdXyS8asw
2020-12-20 14:35:02  [ main:1201 ] - [ INFO ]  UxgrQ17Mabne5I6cn5QdxTcqOBpoMe15jj2SDh1qoGlZoaygVYiCb1yXQekZx04xOrdPk9g0FK7HPWjGFnrFaLCDEwL7VMnXFYLLT7ubF4NAOciy2iBAOzQTaaD5r4sC7ZweRrTQkbKCts5AKBpyj4w61U9XFTcLDslYzzr1nKUZza8VyEiIXth1znE82HUOwxXFLJjVDPLT-JdXyS8asw
2020-12-20 15:05:29  [ main:0 ] - [ DEBUG ]  Get connection for route {s}->https://qyapi.weixin.qq.com:443
2020-12-20 15:05:29  [ main:0 ] - [ DEBUG ]  Get connection for route {s}->https://qyapi.weixin.qq.com:443
2020-12-20 15:05:29  [ main:66 ] - [ DEBUG ]  Connecting to qyapi.weixin.qq.com:443
2020-12-20 15:05:29  [ main:66 ] - [ DEBUG ]  Connecting to qyapi.weixin.qq.com:443
2020-12-20 15:05:29  [ main:254 ] - [ DEBUG ]  CookieSpec selected: ignoreCookies
2020-12-20 15:05:29  [ main:254 ] - [ DEBUG ]  CookieSpec selected: ignoreCookies
2020-12-20 15:05:29  [ main:255 ] - [ DEBUG ]  Auth cache not set in the context
2020-12-20 15:05:29  [ main:255 ] - [ DEBUG ]  Auth cache not set in the context
2020-12-20 15:05:29  [ main:256 ] - [ DEBUG ]  Target auth state: UNCHALLENGED
2020-12-20 15:05:29  [ main:256 ] - [ DEBUG ]  Target auth state: UNCHALLENGED
2020-12-20 15:05:29  [ main:256 ] - [ DEBUG ]  Proxy auth state: UNCHALLENGED
2020-12-20 15:05:29  [ main:256 ] - [ DEBUG ]  Proxy auth state: UNCHALLENGED
2020-12-20 15:05:29  [ main:257 ] - [ DEBUG ]  Attempt 1 to execute request
2020-12-20 15:05:29  [ main:257 ] - [ DEBUG ]  Attempt 1 to execute request
2020-12-20 15:05:29  [ main:257 ] - [ DEBUG ]  Sending request: GET /cgi-bin/gettoken?corpid=ww08701ecf7ef7ffc5&corpsecret=9BBxJMslOULZsy5xrjwo6JC8jjQ7PzmC2w5Q1CwbIok HTTP/1.1
2020-12-20 15:05:29  [ main:257 ] - [ DEBUG ]  Sending request: GET /cgi-bin/gettoken?corpid=ww08701ecf7ef7ffc5&corpsecret=9BBxJMslOULZsy5xrjwo6JC8jjQ7PzmC2w5Q1CwbIok HTTP/1.1
2020-12-20 15:05:29  [ main:258 ] - [ DEBUG ]   >> "GET /cgi-bin/gettoken?corpid=ww08701ecf7ef7ffc5&corpsecret=9BBxJMslOULZsy5xrjwo6JC8jjQ7PzmC2w5Q1CwbIok HTTP/1.1[\r][\n]"
2020-12-20 15:05:29  [ main:258 ] - [ DEBUG ]   >> "GET /cgi-bin/gettoken?corpid=ww08701ecf7ef7ffc5&corpsecret=9BBxJMslOULZsy5xrjwo6JC8jjQ7PzmC2w5Q1CwbIok HTTP/1.1[\r][\n]"
2020-12-20 15:05:29  [ main:259 ] - [ DEBUG ]   >> "Accept: */*[\r][\n]"
2020-12-20 15:05:29  [ main:259 ] - [ DEBUG ]   >> "Accept: */*[\r][\n]"
2020-12-20 15:05:29  [ main:259 ] - [ DEBUG ]   >> "Content-Length: 0[\r][\n]"
2020-12-20 15:05:29  [ main:259 ] - [ DEBUG ]   >> "Content-Length: 0[\r][\n]"
2020-12-20 15:05:29  [ main:259 ] - [ DEBUG ]   >> "Host: qyapi.weixin.qq.com[\r][\n]"
2020-12-20 15:05:29  [ main:259 ] - [ DEBUG ]   >> "Host: qyapi.weixin.qq.com[\r][\n]"
2020-12-20 15:05:29  [ main:259 ] - [ DEBUG ]   >> "Connection: Keep-Alive[\r][\n]"
2020-12-20 15:05:29  [ main:259 ] - [ DEBUG ]   >> "Connection: Keep-Alive[\r][\n]"
2020-12-20 15:05:29  [ main:260 ] - [ DEBUG ]   >> "User-Agent: Apache-HttpClient/4.5.2 (Java/1.8.0_191)[\r][\n]"
2020-12-20 15:05:29  [ main:260 ] - [ DEBUG ]   >> "User-Agent: Apache-HttpClient/4.5.2 (Java/1.8.0_191)[\r][\n]"
2020-12-20 15:05:29  [ main:260 ] - [ DEBUG ]   >> "Accept-Encoding: gzip,deflate[\r][\n]"
2020-12-20 15:05:29  [ main:260 ] - [ DEBUG ]   >> "Accept-Encoding: gzip,deflate[\r][\n]"
2020-12-20 15:05:29  [ main:260 ] - [ DEBUG ]   >> "[\r][\n]"
2020-12-20 15:05:29  [ main:260 ] - [ DEBUG ]   >> "[\r][\n]"
2020-12-20 15:05:29  [ main:261 ] - [ DEBUG ]  >> GET /cgi-bin/gettoken?corpid=ww08701ecf7ef7ffc5&corpsecret=9BBxJMslOULZsy5xrjwo6JC8jjQ7PzmC2w5Q1CwbIok HTTP/1.1
2020-12-20 15:05:29  [ main:261 ] - [ DEBUG ]  >> GET /cgi-bin/gettoken?corpid=ww08701ecf7ef7ffc5&corpsecret=9BBxJMslOULZsy5xrjwo6JC8jjQ7PzmC2w5Q1CwbIok HTTP/1.1
2020-12-20 15:05:29  [ main:261 ] - [ DEBUG ]  >> Accept: */*
2020-12-20 15:05:29  [ main:261 ] - [ DEBUG ]  >> Accept: */*
2020-12-20 15:05:29  [ main:262 ] - [ DEBUG ]  >> Content-Length: 0
2020-12-20 15:05:29  [ main:262 ] - [ DEBUG ]  >> Content-Length: 0
2020-12-20 15:05:29  [ main:262 ] - [ DEBUG ]  >> Host: qyapi.weixin.qq.com
2020-12-20 15:05:29  [ main:262 ] - [ DEBUG ]  >> Host: qyapi.weixin.qq.com
2020-12-20 15:05:29  [ main:262 ] - [ DEBUG ]  >> Connection: Keep-Alive
2020-12-20 15:05:29  [ main:262 ] - [ DEBUG ]  >> Connection: Keep-Alive
2020-12-20 15:05:29  [ main:263 ] - [ DEBUG ]  >> User-Agent: Apache-HttpClient/4.5.2 (Java/1.8.0_191)
2020-12-20 15:05:29  [ main:263 ] - [ DEBUG ]  >> User-Agent: Apache-HttpClient/4.5.2 (Java/1.8.0_191)
2020-12-20 15:05:29  [ main:263 ] - [ DEBUG ]  >> Accept-Encoding: gzip,deflate
2020-12-20 15:05:29  [ main:263 ] - [ DEBUG ]  >> Accept-Encoding: gzip,deflate
2020-12-20 15:05:29  [ main:316 ] - [ DEBUG ]   << "HTTP/1.1 200 OK[\r][\n]"
2020-12-20 15:05:29  [ main:316 ] - [ DEBUG ]   << "HTTP/1.1 200 OK[\r][\n]"
2020-12-20 15:05:29  [ main:318 ] - [ DEBUG ]   << "Server: nginx[\r][\n]"
2020-12-20 15:05:29  [ main:318 ] - [ DEBUG ]   << "Server: nginx[\r][\n]"
2020-12-20 15:05:29  [ main:319 ] - [ DEBUG ]   << "Date: Sun, 20 Dec 2020 07:05:30 GMT[\r][\n]"
2020-12-20 15:05:29  [ main:319 ] - [ DEBUG ]   << "Date: Sun, 20 Dec 2020 07:05:30 GMT[\r][\n]"
2020-12-20 15:05:29  [ main:319 ] - [ DEBUG ]   << "Content-Type: application/json; charset=UTF-8[\r][\n]"
2020-12-20 15:05:29  [ main:319 ] - [ DEBUG ]   << "Content-Type: application/json; charset=UTF-8[\r][\n]"
2020-12-20 15:05:29  [ main:320 ] - [ DEBUG ]   << "Content-Length: 277[\r][\n]"
2020-12-20 15:05:29  [ main:320 ] - [ DEBUG ]   << "Content-Length: 277[\r][\n]"
2020-12-20 15:05:29  [ main:320 ] - [ DEBUG ]   << "Connection: keep-alive[\r][\n]"
2020-12-20 15:05:29  [ main:320 ] - [ DEBUG ]   << "Connection: keep-alive[\r][\n]"
2020-12-20 15:05:29  [ main:320 ] - [ DEBUG ]   << "Error-Code: 0[\r][\n]"
2020-12-20 15:05:29  [ main:320 ] - [ DEBUG ]   << "Error-Code: 0[\r][\n]"
2020-12-20 15:05:29  [ main:321 ] - [ DEBUG ]   << "Error-Msg: ok[\r][\n]"
2020-12-20 15:05:29  [ main:321 ] - [ DEBUG ]   << "Error-Msg: ok[\r][\n]"
2020-12-20 15:05:29  [ main:321 ] - [ DEBUG ]   << "[\r][\n]"
2020-12-20 15:05:29  [ main:321 ] - [ DEBUG ]   << "[\r][\n]"
2020-12-20 15:05:29  [ main:322 ] - [ DEBUG ]  Receiving response: HTTP/1.1 200 OK
2020-12-20 15:05:29  [ main:322 ] - [ DEBUG ]  Receiving response: HTTP/1.1 200 OK
2020-12-20 15:05:29  [ main:322 ] - [ DEBUG ]  << HTTP/1.1 200 OK
2020-12-20 15:05:29  [ main:322 ] - [ DEBUG ]  << HTTP/1.1 200 OK
2020-12-20 15:05:29  [ main:323 ] - [ DEBUG ]  << Server: nginx
2020-12-20 15:05:29  [ main:323 ] - [ DEBUG ]  << Server: nginx
2020-12-20 15:05:29  [ main:323 ] - [ DEBUG ]  << Date: Sun, 20 Dec 2020 07:05:30 GMT
2020-12-20 15:05:29  [ main:323 ] - [ DEBUG ]  << Date: Sun, 20 Dec 2020 07:05:30 GMT
2020-12-20 15:05:29  [ main:324 ] - [ DEBUG ]  << Content-Type: application/json; charset=UTF-8
2020-12-20 15:05:29  [ main:324 ] - [ DEBUG ]  << Content-Type: application/json; charset=UTF-8
2020-12-20 15:05:29  [ main:324 ] - [ DEBUG ]  << Content-Length: 277
2020-12-20 15:05:29  [ main:324 ] - [ DEBUG ]  << Content-Length: 277
2020-12-20 15:05:29  [ main:325 ] - [ DEBUG ]  << Connection: keep-alive
2020-12-20 15:05:29  [ main:325 ] - [ DEBUG ]  << Connection: keep-alive
2020-12-20 15:05:29  [ main:325 ] - [ DEBUG ]  << Error-Code: 0
2020-12-20 15:05:29  [ main:325 ] - [ DEBUG ]  << Error-Code: 0
2020-12-20 15:05:29  [ main:325 ] - [ DEBUG ]  << Error-Msg: ok
2020-12-20 15:05:29  [ main:325 ] - [ DEBUG ]  << Error-Msg: ok
2020-12-20 15:05:29  [ main:329 ] - [ DEBUG ]  Connection can be kept alive indefinitely
2020-12-20 15:05:29  [ main:329 ] - [ DEBUG ]  Connection can be kept alive indefinitely
2020-12-20 15:05:29  [ main:345 ] - [ DEBUG ]  Parsing response as: application/json; charset=UTF-8
2020-12-20 15:05:29  [ main:345 ] - [ DEBUG ]  Parsing response as: application/json; charset=UTF-8
2020-12-20 15:05:29  [ main:345 ] - [ DEBUG ]  Parsed data to instance of: class org.apache.http.conn.EofSensorInputStream
2020-12-20 15:05:29  [ main:345 ] - [ DEBUG ]  Parsed data to instance of: class org.apache.http.conn.EofSensorInputStream
2020-12-20 15:05:30  [ main:376 ] - [ DEBUG ]   << "{"errcode":0,"errmsg":"ok","access_token":"UxgrQ17Mabne5I6cn5QdxTcqOBpoMe15jj2SDh1qoGlZoaygVYiCb1yXQekZx04xOrdPk9g0FK7HPWjGFnrFaLCDEwL7VMnXFYLLT7ubF4NAOciy2iBAOzQTaaD5r4sC7ZweRrTQkbKCts5AKBpyj4w61U9XFTcLDslYzzr1nKUZza8VyEiIXth1znE82HUOwxXFLJjVDPLT-JdXyS8asw","expires_in":7200}"
2020-12-20 15:05:30  [ main:376 ] - [ DEBUG ]   << "{"errcode":0,"errmsg":"ok","access_token":"UxgrQ17Mabne5I6cn5QdxTcqOBpoMe15jj2SDh1qoGlZoaygVYiCb1yXQekZx04xOrdPk9g0FK7HPWjGFnrFaLCDEwL7VMnXFYLLT7ubF4NAOciy2iBAOzQTaaD5r4sC7ZweRrTQkbKCts5AKBpyj4w61U9XFTcLDslYzzr1nKUZza8VyEiIXth1znE82HUOwxXFLJjVDPLT-JdXyS8asw","expires_in":7200}"
2020-12-20 15:05:30  [ main:377 ] - [ DEBUG ]  Releasing connection org.apache.http.impl.conn.ManagedClientConnectionImpl@26b894bd
2020-12-20 15:05:30  [ main:377 ] - [ DEBUG ]  Releasing connection org.apache.http.impl.conn.ManagedClientConnectionImpl@26b894bd
2020-12-20 15:05:30  [ main:377 ] - [ DEBUG ]  Connection can be kept alive indefinitely
2020-12-20 15:05:30  [ main:377 ] - [ DEBUG ]  Connection can be kept alive indefinitely
2020-12-20 15:05:30  [ main:735 ] - [ INFO ]  UxgrQ17Mabne5I6cn5QdxTcqOBpoMe15jj2SDh1qoGlZoaygVYiCb1yXQekZx04xOrdPk9g0FK7HPWjGFnrFaLCDEwL7VMnXFYLLT7ubF4NAOciy2iBAOzQTaaD5r4sC7ZweRrTQkbKCts5AKBpyj4w61U9XFTcLDslYzzr1nKUZza8VyEiIXth1znE82HUOwxXFLJjVDPLT-JdXyS8asw
2020-12-20 15:05:30  [ main:735 ] - [ INFO ]  UxgrQ17Mabne5I6cn5QdxTcqOBpoMe15jj2SDh1qoGlZoaygVYiCb1yXQekZx04xOrdPk9g0FK7HPWjGFnrFaLCDEwL7VMnXFYLLT7ubF4NAOciy2iBAOzQTaaD5r4sC7ZweRrTQkbKCts5AKBpyj4w61U9XFTcLDslYzzr1nKUZza8VyEiIXth1znE82HUOwxXFLJjVDPLT-JdXyS8asw
2020-12-20 15:06:09  [ main:1 ] - [ DEBUG ]  Get connection for route {s}->https://qyapi.weixin.qq.com:443
2020-12-20 15:06:09  [ main:1 ] - [ DEBUG ]  Get connection for route {s}->https://qyapi.weixin.qq.com:443
2020-12-20 15:06:09  [ main:36 ] - [ DEBUG ]  Connecting to qyapi.weixin.qq.com:443
2020-12-20 15:06:09  [ main:36 ] - [ DEBUG ]  Connecting to qyapi.weixin.qq.com:443
2020-12-20 15:06:09  [ main:220 ] - [ DEBUG ]  CookieSpec selected: ignoreCookies
2020-12-20 15:06:09  [ main:220 ] - [ DEBUG ]  CookieSpec selected: ignoreCookies
2020-12-20 15:06:09  [ main:222 ] - [ DEBUG ]  Auth cache not set in the context
2020-12-20 15:06:09  [ main:222 ] - [ DEBUG ]  Auth cache not set in the context
2020-12-20 15:06:09  [ main:223 ] - [ DEBUG ]  Target auth state: UNCHALLENGED
2020-12-20 15:06:09  [ main:223 ] - [ DEBUG ]  Target auth state: UNCHALLENGED
2020-12-20 15:06:09  [ main:223 ] - [ DEBUG ]  Proxy auth state: UNCHALLENGED
2020-12-20 15:06:09  [ main:223 ] - [ DEBUG ]  Proxy auth state: UNCHALLENGED
2020-12-20 15:06:09  [ main:224 ] - [ DEBUG ]  Attempt 1 to execute request
2020-12-20 15:06:09  [ main:224 ] - [ DEBUG ]  Attempt 1 to execute request
2020-12-20 15:06:09  [ main:224 ] - [ DEBUG ]  Sending request: GET /cgi-bin/gettoken?corpid=ww08701ecf7ef7ffc5&corpsecret=9BBxJMslOULZsy5xrjwo6JC8jjQ7PzmC2w5Q1CwbIok HTTP/1.1
2020-12-20 15:06:09  [ main:224 ] - [ DEBUG ]  Sending request: GET /cgi-bin/gettoken?corpid=ww08701ecf7ef7ffc5&corpsecret=9BBxJMslOULZsy5xrjwo6JC8jjQ7PzmC2w5Q1CwbIok HTTP/1.1
2020-12-20 15:06:09  [ main:224 ] - [ DEBUG ]   >> "GET /cgi-bin/gettoken?corpid=ww08701ecf7ef7ffc5&corpsecret=9BBxJMslOULZsy5xrjwo6JC8jjQ7PzmC2w5Q1CwbIok HTTP/1.1[\r][\n]"
2020-12-20 15:06:09  [ main:224 ] - [ DEBUG ]   >> "GET /cgi-bin/gettoken?corpid=ww08701ecf7ef7ffc5&corpsecret=9BBxJMslOULZsy5xrjwo6JC8jjQ7PzmC2w5Q1CwbIok HTTP/1.1[\r][\n]"
2020-12-20 15:06:09  [ main:225 ] - [ DEBUG ]   >> "Accept: */*[\r][\n]"
2020-12-20 15:06:09  [ main:225 ] - [ DEBUG ]   >> "Accept: */*[\r][\n]"
2020-12-20 15:06:09  [ main:226 ] - [ DEBUG ]   >> "Content-Length: 0[\r][\n]"
2020-12-20 15:06:09  [ main:226 ] - [ DEBUG ]   >> "Content-Length: 0[\r][\n]"
2020-12-20 15:06:09  [ main:226 ] - [ DEBUG ]   >> "Host: qyapi.weixin.qq.com[\r][\n]"
2020-12-20 15:06:09  [ main:226 ] - [ DEBUG ]   >> "Host: qyapi.weixin.qq.com[\r][\n]"
2020-12-20 15:06:09  [ main:226 ] - [ DEBUG ]   >> "Connection: Keep-Alive[\r][\n]"
2020-12-20 15:06:09  [ main:226 ] - [ DEBUG ]   >> "Connection: Keep-Alive[\r][\n]"
2020-12-20 15:06:09  [ main:227 ] - [ DEBUG ]   >> "User-Agent: Apache-HttpClient/4.5.2 (Java/1.8.0_191)[\r][\n]"
2020-12-20 15:06:09  [ main:227 ] - [ DEBUG ]   >> "User-Agent: Apache-HttpClient/4.5.2 (Java/1.8.0_191)[\r][\n]"
2020-12-20 15:06:09  [ main:227 ] - [ DEBUG ]   >> "Accept-Encoding: gzip,deflate[\r][\n]"
2020-12-20 15:06:09  [ main:227 ] - [ DEBUG ]   >> "Accept-Encoding: gzip,deflate[\r][\n]"
2020-12-20 15:06:09  [ main:227 ] - [ DEBUG ]   >> "[\r][\n]"
2020-12-20 15:06:09  [ main:227 ] - [ DEBUG ]   >> "[\r][\n]"
2020-12-20 15:06:09  [ main:228 ] - [ DEBUG ]  >> GET /cgi-bin/gettoken?corpid=ww08701ecf7ef7ffc5&corpsecret=9BBxJMslOULZsy5xrjwo6JC8jjQ7PzmC2w5Q1CwbIok HTTP/1.1
2020-12-20 15:06:09  [ main:228 ] - [ DEBUG ]  >> GET /cgi-bin/gettoken?corpid=ww08701ecf7ef7ffc5&corpsecret=9BBxJMslOULZsy5xrjwo6JC8jjQ7PzmC2w5Q1CwbIok HTTP/1.1
2020-12-20 15:06:09  [ main:229 ] - [ DEBUG ]  >> Accept: */*
2020-12-20 15:06:09  [ main:229 ] - [ DEBUG ]  >> Accept: */*
2020-12-20 15:06:09  [ main:229 ] - [ DEBUG ]  >> Content-Length: 0
2020-12-20 15:06:09  [ main:229 ] - [ DEBUG ]  >> Content-Length: 0
2020-12-20 15:06:09  [ main:230 ] - [ DEBUG ]  >> Host: qyapi.weixin.qq.com
2020-12-20 15:06:09  [ main:230 ] - [ DEBUG ]  >> Host: qyapi.weixin.qq.com
2020-12-20 15:06:09  [ main:230 ] - [ DEBUG ]  >> Connection: Keep-Alive
2020-12-20 15:06:09  [ main:230 ] - [ DEBUG ]  >> Connection: Keep-Alive
2020-12-20 15:06:09  [ main:230 ] - [ DEBUG ]  >> User-Agent: Apache-HttpClient/4.5.2 (Java/1.8.0_191)
2020-12-20 15:06:09  [ main:230 ] - [ DEBUG ]  >> User-Agent: Apache-HttpClient/4.5.2 (Java/1.8.0_191)
2020-12-20 15:06:09  [ main:230 ] - [ DEBUG ]  >> Accept-Encoding: gzip,deflate
2020-12-20 15:06:09  [ main:230 ] - [ DEBUG ]  >> Accept-Encoding: gzip,deflate
2020-12-20 15:06:10  [ main:292 ] - [ DEBUG ]   << "HTTP/1.1 200 OK[\r][\n]"
2020-12-20 15:06:10  [ main:292 ] - [ DEBUG ]   << "HTTP/1.1 200 OK[\r][\n]"
2020-12-20 15:06:10  [ main:295 ] - [ DEBUG ]   << "Server: nginx[\r][\n]"
2020-12-20 15:06:10  [ main:295 ] - [ DEBUG ]   << "Server: nginx[\r][\n]"
2020-12-20 15:06:10  [ main:297 ] - [ DEBUG ]   << "Date: Sun, 20 Dec 2020 07:06:10 GMT[\r][\n]"
2020-12-20 15:06:10  [ main:297 ] - [ DEBUG ]   << "Date: Sun, 20 Dec 2020 07:06:10 GMT[\r][\n]"
2020-12-20 15:06:10  [ main:298 ] - [ DEBUG ]   << "Content-Type: application/json; charset=UTF-8[\r][\n]"
2020-12-20 15:06:10  [ main:298 ] - [ DEBUG ]   << "Content-Type: application/json; charset=UTF-8[\r][\n]"
2020-12-20 15:06:10  [ main:299 ] - [ DEBUG ]   << "Content-Length: 277[\r][\n]"
2020-12-20 15:06:10  [ main:299 ] - [ DEBUG ]   << "Content-Length: 277[\r][\n]"
2020-12-20 15:06:10  [ main:300 ] - [ DEBUG ]   << "Connection: keep-alive[\r][\n]"
2020-12-20 15:06:10  [ main:300 ] - [ DEBUG ]   << "Connection: keep-alive[\r][\n]"
2020-12-20 15:06:10  [ main:300 ] - [ DEBUG ]   << "Error-Code: 0[\r][\n]"
2020-12-20 15:06:10  [ main:300 ] - [ DEBUG ]   << "Error-Code: 0[\r][\n]"
2020-12-20 15:06:10  [ main:301 ] - [ DEBUG ]   << "Error-Msg: ok[\r][\n]"
2020-12-20 15:06:10  [ main:301 ] - [ DEBUG ]   << "Error-Msg: ok[\r][\n]"
2020-12-20 15:06:10  [ main:302 ] - [ DEBUG ]   << "[\r][\n]"
2020-12-20 15:06:10  [ main:302 ] - [ DEBUG ]   << "[\r][\n]"
2020-12-20 15:06:10  [ main:305 ] - [ DEBUG ]  Receiving response: HTTP/1.1 200 OK
2020-12-20 15:06:10  [ main:305 ] - [ DEBUG ]  Receiving response: HTTP/1.1 200 OK
2020-12-20 15:06:10  [ main:306 ] - [ DEBUG ]  << HTTP/1.1 200 OK
2020-12-20 15:06:10  [ main:306 ] - [ DEBUG ]  << HTTP/1.1 200 OK
2020-12-20 15:06:10  [ main:307 ] - [ DEBUG ]  << Server: nginx
2020-12-20 15:06:10  [ main:307 ] - [ DEBUG ]  << Server: nginx
2020-12-20 15:06:10  [ main:307 ] - [ DEBUG ]  << Date: Sun, 20 Dec 2020 07:06:10 GMT
2020-12-20 15:06:10  [ main:307 ] - [ DEBUG ]  << Date: Sun, 20 Dec 2020 07:06:10 GMT
2020-12-20 15:06:10  [ main:308 ] - [ DEBUG ]  << Content-Type: application/json; charset=UTF-8
2020-12-20 15:06:10  [ main:308 ] - [ DEBUG ]  << Content-Type: application/json; charset=UTF-8
2020-12-20 15:06:10  [ main:309 ] - [ DEBUG ]  << Content-Length: 277
2020-12-20 15:06:10  [ main:309 ] - [ DEBUG ]  << Content-Length: 277
2020-12-20 15:06:10  [ main:309 ] - [ DEBUG ]  << Connection: keep-alive
2020-12-20 15:06:10  [ main:309 ] - [ DEBUG ]  << Connection: keep-alive
2020-12-20 15:06:10  [ main:310 ] - [ DEBUG ]  << Error-Code: 0
2020-12-20 15:06:10  [ main:310 ] - [ DEBUG ]  << Error-Code: 0
2020-12-20 15:06:10  [ main:310 ] - [ DEBUG ]  << Error-Msg: ok
2020-12-20 15:06:10  [ main:310 ] - [ DEBUG ]  << Error-Msg: ok
2020-12-20 15:06:10  [ main:315 ] - [ DEBUG ]  Connection can be kept alive indefinitely
2020-12-20 15:06:10  [ main:315 ] - [ DEBUG ]  Connection can be kept alive indefinitely
2020-12-20 15:06:10  [ main:329 ] - [ DEBUG ]  Parsing response as: application/json; charset=UTF-8
2020-12-20 15:06:10  [ main:329 ] - [ DEBUG ]  Parsing response as: application/json; charset=UTF-8
2020-12-20 15:06:10  [ main:330 ] - [ DEBUG ]  Parsed data to instance of: class org.apache.http.conn.EofSensorInputStream
2020-12-20 15:06:10  [ main:330 ] - [ DEBUG ]  Parsed data to instance of: class org.apache.http.conn.EofSensorInputStream
2020-12-20 15:06:10  [ main:362 ] - [ DEBUG ]   << "{"errcode":0,"errmsg":"ok","access_token":"UxgrQ17Mabne5I6cn5QdxTcqOBpoMe15jj2SDh1qoGlZoaygVYiCb1yXQekZx04xOrdPk9g0FK7HPWjGFnrFaLCDEwL7VMnXFYLLT7ubF4NAOciy2iBAOzQTaaD5r4sC7ZweRrTQkbKCts5AKBpyj4w61U9XFTcLDslYzzr1nKUZza8VyEiIXth1znE82HUOwxXFLJjVDPLT-JdXyS8asw","expires_in":7200}"
2020-12-20 15:06:10  [ main:362 ] - [ DEBUG ]   << "{"errcode":0,"errmsg":"ok","access_token":"UxgrQ17Mabne5I6cn5QdxTcqOBpoMe15jj2SDh1qoGlZoaygVYiCb1yXQekZx04xOrdPk9g0FK7HPWjGFnrFaLCDEwL7VMnXFYLLT7ubF4NAOciy2iBAOzQTaaD5r4sC7ZweRrTQkbKCts5AKBpyj4w61U9XFTcLDslYzzr1nKUZza8VyEiIXth1znE82HUOwxXFLJjVDPLT-JdXyS8asw","expires_in":7200}"
2020-12-20 15:06:10  [ main:362 ] - [ DEBUG ]  Releasing connection org.apache.http.impl.conn.ManagedClientConnectionImpl@2ca65ce4
2020-12-20 15:06:10  [ main:362 ] - [ DEBUG ]  Releasing connection org.apache.http.impl.conn.ManagedClientConnectionImpl@2ca65ce4
2020-12-20 15:06:10  [ main:363 ] - [ DEBUG ]  Connection can be kept alive indefinitely
2020-12-20 15:06:10  [ main:363 ] - [ DEBUG ]  Connection can be kept alive indefinitely
2020-12-20 15:06:10  [ main:777 ] - [ INFO ]  UxgrQ17Mabne5I6cn5QdxTcqOBpoMe15jj2SDh1qoGlZoaygVYiCb1yXQekZx04xOrdPk9g0FK7HPWjGFnrFaLCDEwL7VMnXFYLLT7ubF4NAOciy2iBAOzQTaaD5r4sC7ZweRrTQkbKCts5AKBpyj4w61U9XFTcLDslYzzr1nKUZza8VyEiIXth1znE82HUOwxXFLJjVDPLT-JdXyS8asw
2020-12-20 15:06:10  [ main:777 ] - [ INFO ]  UxgrQ17Mabne5I6cn5QdxTcqOBpoMe15jj2SDh1qoGlZoaygVYiCb1yXQekZx04xOrdPk9g0FK7HPWjGFnrFaLCDEwL7VMnXFYLLT7ubF4NAOciy2iBAOzQTaaD5r4sC7ZweRrTQkbKCts5AKBpyj4w61U9XFTcLDslYzzr1nKUZza8VyEiIXth1znE82HUOwxXFLJjVDPLT-JdXyS8asw
